<?xml version="1.0" encoding="UTF-8"?>
<robot generator="Robot 3.1.2 (Python 3.7.4 on win32)" generated="20191028 17:50:34.362" rpa="false">
<suite id="s1" name="Ui Edit Save Draft Merchant Profile Th Ju Success" source="C:\Users\OMST00169\Downloads\Robot\Robot\ui_edit_save_draft_merchant_profile_th_ju_success.robot">
<test id="s1-t1" name="Edit merchant profile ui of thai-juristic">
<kw name="Edit merchant profile ui of thai-juristic">
<arguments>
<arg>ubold@coderthemes.com</arg>
<arg>test</arg>
<arg>chao</arg>
<arg>${EMPTY}</arg>
<arg>${EMPTY}</arg>
<arg>${EMPTY}</arg>
<arg>${EMPTY}</arg>
<arg>${EMPTY}</arg>
<arg>${EMPTY}</arg>
<arg>${EMPTY}</arg>
<arg>${EMPTY}</arg>
<arg>${EMPTY}</arg>
<arg>${EMPTY}</arg>
<arg>${EMPTY}</arg>
<arg>tax4</arg>
<arg>bow shopnew</arg>
<arg>คุณ</arg>
<arg>โบวี่</arg>
<arg>นางสาวสุนิตา ลีติกุล</arg>
<arg>การบำบัดน้ำเสีย</arg>
<arg>ธุรกิจเกี่ยวกับสิ่งแวดล้อมและการบำบัดน้ำเสีย</arg>
<arg>อสังหาริมทรัพย์</arg>
<arg>107.0</arg>
<arg>100.0</arg>
<arg>vitgointer@test.com</arg>
<arg>www.vitgointer.com</arg>
<arg>105549050730</arg>
<arg>tax1</arg>
</arguments>
<kw name="GIVEN Open Browser To Login Page">
<arguments>
<arg>${username}</arg>
<arg>${password}</arg>
</arguments>
<kw name="Open Browser" library="SeleniumLibrary">
<doc>Opens a new browser instance to the given ``url``.</doc>
<arguments>
<arg>${UI_URL}</arg>
<arg>chrome</arg>
</arguments>
<msg timestamp="20191028 17:50:34.626" level="INFO">Opening browser 'chrome' to base url 'http://webadmin.apps.ocp4-ais.aisiotportal.com'.</msg>
<status status="PASS" starttime="20191028 17:50:34.626" endtime="20191028 17:50:44.011"></status>
</kw>
<kw name="Maximize Browser Window" library="SeleniumLibrary">
<doc>Maximizes current browser window.</doc>
<status status="PASS" starttime="20191028 17:50:44.011" endtime="20191028 17:50:48.131"></status>
</kw>
<kw name="Input Text" library="SeleniumLibrary">
<doc>Types the given ``text`` into text field identified by ``locator``.</doc>
<arguments>
<arg>id=email</arg>
<arg>${username}</arg>
</arguments>
<msg timestamp="20191028 17:50:48.131" level="INFO">Typing text 'ubold@coderthemes.com' into text field 'id=email'.</msg>
<status status="PASS" starttime="20191028 17:50:48.131" endtime="20191028 17:50:48.264"></status>
</kw>
<kw name="Input Password" library="SeleniumLibrary">
<doc>Types the given password into text field identified by ``locator``.</doc>
<arguments>
<arg>id=password</arg>
<arg>${password}</arg>
</arguments>
<msg timestamp="20191028 17:50:48.265" level="INFO">Typing password into text field 'id=password'.</msg>
<status status="PASS" starttime="20191028 17:50:48.265" endtime="20191028 17:50:48.339"></status>
</kw>
<kw name="Click Button" library="SeleniumLibrary">
<doc>Clicks button identified by ``locator``.</doc>
<arguments>
<arg>xpath=/html/body/app-ubold/app-login/div/div/div/div/div[1]/div/form/div[3]/button</arg>
</arguments>
<msg timestamp="20191028 17:50:48.340" level="INFO">Clicking button 'xpath=/html/body/app-ubold/app-login/div/div/div/div/div[1]/div/form/div[3]/button'.</msg>
<status status="PASS" starttime="20191028 17:50:48.339" endtime="20191028 17:50:48.421"></status>
</kw>
<status status="PASS" starttime="20191028 17:50:34.625" endtime="20191028 17:50:48.421"></status>
</kw>
<kw name="And I select merchant management and I fill merchant name">
<arguments>
<arg>${merchant_name}</arg>
</arguments>
<kw name="Wait Until Element Is Visible" library="SeleniumLibrary">
<doc>Waits until element ``locator`` is visible.</doc>
<arguments>
<arg>id=menu-merchant</arg>
<arg>timeout=15s</arg>
</arguments>
<status status="PASS" starttime="20191028 17:50:48.421" endtime="20191028 17:50:49.182"></status>
</kw>
<kw name="Click Element" library="SeleniumLibrary">
<doc>Click element identified by ``locator``.</doc>
<arguments>
<arg>id=menu-merchant</arg>
</arguments>
<msg timestamp="20191028 17:50:49.183" level="INFO">Clicking element 'id=menu-merchant'.</msg>
<status status="PASS" starttime="20191028 17:50:49.182" endtime="20191028 17:50:49.926"></status>
</kw>
<kw name="Sleep" library="BuiltIn">
<doc>Pauses the test executed for the given time.</doc>
<arguments>
<arg>3s</arg>
</arguments>
<msg timestamp="20191028 17:50:52.927" level="INFO">Slept 3 seconds</msg>
<status status="PASS" starttime="20191028 17:50:49.926" endtime="20191028 17:50:52.927"></status>
</kw>
<kw name="Wait Until Element Is Visible" library="SeleniumLibrary">
<doc>Waits until element ``locator`` is visible.</doc>
<arguments>
<arg>id=btn-addMerchant</arg>
<arg>timeout=15s</arg>
</arguments>
<status status="PASS" starttime="20191028 17:50:52.927" endtime="20191028 17:50:52.953"></status>
</kw>
<kw name="Click Button" library="SeleniumLibrary">
<doc>Clicks button identified by ``locator``.</doc>
<arguments>
<arg>id=btn-addMerchant</arg>
</arguments>
<msg timestamp="20191028 17:50:52.954" level="INFO">Clicking button 'id=btn-addMerchant'.</msg>
<status status="PASS" starttime="20191028 17:50:52.953" endtime="20191028 17:50:53.053"></status>
</kw>
<kw name="Input Text" library="SeleniumLibrary">
<doc>Types the given ``text`` into text field identified by ``locator``.</doc>
<arguments>
<arg>id=input-merchantName</arg>
<arg>${merchant_name}</arg>
</arguments>
<msg timestamp="20191028 17:50:53.053" level="INFO">Typing text 'chao' into text field 'id=input-merchantName'.</msg>
<status status="PASS" starttime="20191028 17:50:53.053" endtime="20191028 17:50:53.140"></status>
</kw>
<kw name="Execute Javascript" library="SeleniumLibrary">
<doc>Executes the given JavaScript code with possible arguments.</doc>
<arguments>
<arg>document.getElementById("businessType1").click()</arg>
</arguments>
<msg timestamp="20191028 17:50:53.141" level="INFO">Executing JavaScript:
document.getElementById("businessType1").click()
Without any arguments.</msg>
<status status="PASS" starttime="20191028 17:50:53.140" endtime="20191028 17:50:53.149"></status>
</kw>
<kw name="Wait Until Element Is Visible" library="SeleniumLibrary">
<doc>Waits until element ``locator`` is visible.</doc>
<arguments>
<arg>id=btn-add</arg>
<arg>timeout=15s</arg>
</arguments>
<status status="PASS" starttime="20191028 17:50:53.149" endtime="20191028 17:50:53.179"></status>
</kw>
<kw name="Click Button" library="SeleniumLibrary">
<doc>Clicks button identified by ``locator``.</doc>
<arguments>
<arg>id=btn-add</arg>
</arguments>
<msg timestamp="20191028 17:50:53.180" level="INFO">Clicking button 'id=btn-add'.</msg>
<status status="PASS" starttime="20191028 17:50:53.179" endtime="20191028 17:50:53.367"></status>
</kw>
<status status="PASS" starttime="20191028 17:50:48.421" endtime="20191028 17:50:53.367"></status>
</kw>
<kw name="And I save draft data th-juristic">
<kw name="Execute Javascript" library="SeleniumLibrary">
<doc>Executes the given JavaScript code with possible arguments.</doc>
<arguments>
<arg>window.scrollTo(0,0)</arg>
</arguments>
<msg timestamp="20191028 17:50:53.368" level="INFO">Executing JavaScript:
window.scrollTo(0,0)
Without any arguments.</msg>
<status status="PASS" starttime="20191028 17:50:53.368" endtime="20191028 17:50:53.373"></status>
</kw>
<kw name="Wait Until Element Is Visible" library="SeleniumLibrary">
<doc>Waits until element ``locator`` is visible.</doc>
<arguments>
<arg>id=btn-saveDraft</arg>
<arg>timeout=5s</arg>
</arguments>
<status status="PASS" starttime="20191028 17:50:53.374" endtime="20191028 17:50:53.403"></status>
</kw>
<kw name="Click Element" library="SeleniumLibrary">
<doc>Click element identified by ``locator``.</doc>
<arguments>
<arg>id=btn-saveDraft</arg>
</arguments>
<msg timestamp="20191028 17:50:53.404" level="INFO">Clicking element 'id=btn-saveDraft'.</msg>
<status status="PASS" starttime="20191028 17:50:53.403" endtime="20191028 17:50:53.482"></status>
</kw>
<kw name="Wait Until Element Is Visible" library="SeleniumLibrary">
<doc>Waits until element ``locator`` is visible.</doc>
<arguments>
<arg>id=display-merchantStatus</arg>
</arguments>
<status status="PASS" starttime="20191028 17:50:53.482" endtime="20191028 17:50:53.512"></status>
</kw>
<kw name="Get Text" library="SeleniumLibrary">
<doc>Returns the text value of element identified by ``locator``.</doc>
<arguments>
<arg>id=display-merchantStatus</arg>
</arguments>
<assign>
<var>${getmerchantstatus}</var>
</assign>
<msg timestamp="20191028 17:50:53.536" level="INFO">${getmerchantstatus} = Draft</msg>
<status status="PASS" starttime="20191028 17:50:53.512" endtime="20191028 17:50:53.536"></status>
</kw>
<kw name="Should Be Equal As Strings" library="BuiltIn">
<doc>Fails if objects are unequal after converting them to strings.</doc>
<arguments>
<arg>${getmerchantstatus}</arg>
<arg>Draft</arg>
</arguments>
<status status="PASS" starttime="20191028 17:50:53.536" endtime="20191028 17:50:53.537"></status>
</kw>
<kw name="Sleep" library="BuiltIn">
<doc>Pauses the test executed for the given time.</doc>
<arguments>
<arg>3s</arg>
</arguments>
<msg timestamp="20191028 17:50:56.538" level="INFO">Slept 3 seconds</msg>
<status status="PASS" starttime="20191028 17:50:53.537" endtime="20191028 17:50:56.538"></status>
</kw>
<kw name="Wait Until Element Is Visible" library="SeleniumLibrary">
<doc>Waits until element ``locator`` is visible.</doc>
<arguments>
<arg>id=display-merchantID</arg>
</arguments>
<status status="PASS" starttime="20191028 17:50:56.538" endtime="20191028 17:50:56.564"></status>
</kw>
<kw name="Get Text" library="SeleniumLibrary">
<doc>Returns the text value of element identified by ``locator``.</doc>
<arguments>
<arg>id=display-merchantID</arg>
</arguments>
<assign>
<var>${getmerchantsid}</var>
</assign>
<msg timestamp="20191028 17:50:56.586" level="INFO">${getmerchantsid} = M193019458</msg>
<status status="PASS" starttime="20191028 17:50:56.564" endtime="20191028 17:50:56.586"></status>
</kw>
<kw name="Wait Until Element Is Visible" library="SeleniumLibrary">
<doc>Waits until element ``locator`` is visible.</doc>
<arguments>
<arg>id=btn-close</arg>
</arguments>
<status status="PASS" starttime="20191028 17:50:56.586" endtime="20191028 17:50:56.612"></status>
</kw>
<kw name="Click Element" library="SeleniumLibrary">
<doc>Click element identified by ``locator``.</doc>
<arguments>
<arg>id=btn-close</arg>
</arguments>
<msg timestamp="20191028 17:50:56.612" level="INFO">Clicking element 'id=btn-close'.</msg>
<status status="PASS" starttime="20191028 17:50:56.612" endtime="20191028 17:50:56.692"></status>
</kw>
<kw name="Wait Until Element Is Visible" library="SeleniumLibrary">
<doc>Waits until element ``locator`` is visible.</doc>
<arguments>
<arg>xpath=/html/body/div/div/div[3]/button[1]</arg>
<arg>timeout=5s</arg>
</arguments>
<status status="PASS" starttime="20191028 17:50:56.692" endtime="20191028 17:50:56.721"></status>
</kw>
<kw name="Click Element" library="SeleniumLibrary">
<doc>Click element identified by ``locator``.</doc>
<arguments>
<arg>xpath=/html/body/div/div/div[3]/button[1]</arg>
</arguments>
<msg timestamp="20191028 17:50:56.721" level="INFO">Clicking element 'xpath=/html/body/div/div/div[3]/button[1]'.</msg>
<status status="PASS" starttime="20191028 17:50:56.721" endtime="20191028 17:50:56.826"></status>
</kw>
<kw name="Set Test Variable" library="BuiltIn">
<doc>Makes a variable available everywhere within the scope of the current test.</doc>
<arguments>
<arg>${GETMERCHANTSID}</arg>
</arguments>
<msg timestamp="20191028 17:50:56.827" level="INFO">${GETMERCHANTSID} = M193019458</msg>
<status status="PASS" starttime="20191028 17:50:56.827" endtime="20191028 17:50:56.827"></status>
</kw>
<status status="PASS" starttime="20191028 17:50:53.367" endtime="20191028 17:50:56.828"></status>
</kw>
<kw name="When I must see merchant list after save draft">
<arguments>
<arg>${merchant_name}</arg>
</arguments>
<kw name="Page Should Contain" library="SeleniumLibrary">
<doc>Verifies that current page contains ``text``.</doc>
<arguments>
<arg>Merchant List</arg>
</arguments>
<msg timestamp="20191028 17:50:56.849" level="INFO">Current page contains text 'Merchant List'.</msg>
<status status="PASS" starttime="20191028 17:50:56.828" endtime="20191028 17:50:56.849"></status>
</kw>
<kw name="Sleep" library="BuiltIn">
<doc>Pauses the test executed for the given time.</doc>
<arguments>
<arg>5s</arg>
</arguments>
<msg timestamp="20191028 17:51:01.849" level="INFO">Slept 5 seconds</msg>
<status status="PASS" starttime="20191028 17:50:56.849" endtime="20191028 17:51:01.849"></status>
</kw>
<kw name="Input Text" library="SeleniumLibrary">
<doc>Types the given ``text`` into text field identified by ``locator``.</doc>
<arguments>
<arg>id=input-search</arg>
<arg>${merchant_name}</arg>
</arguments>
<msg timestamp="20191028 17:51:01.849" level="INFO">Typing text 'chao' into text field 'id=input-search'.</msg>
<status status="PASS" starttime="20191028 17:51:01.849" endtime="20191028 17:51:01.939"></status>
</kw>
<kw name="Press Key" library="SeleniumLibrary">
<doc>Deprecated use `Press Keys` instead.</doc>
<arguments>
<arg>id=input-search</arg>
<arg>\\13</arg>
</arguments>
<status status="PASS" starttime="20191028 17:51:01.939" endtime="20191028 17:51:01.971"></status>
</kw>
<kw name="Wait Until Element Is Visible" library="SeleniumLibrary">
<doc>Waits until element ``locator`` is visible.</doc>
<arguments>
<arg>id=rowMerchantName0</arg>
</arguments>
<status status="PASS" starttime="20191028 17:51:01.971" endtime="20191028 17:51:01.999"></status>
</kw>
<kw name="Click Element" library="SeleniumLibrary">
<doc>Click element identified by ``locator``.</doc>
<arguments>
<arg>id=rowMerchantName0</arg>
</arguments>
<msg timestamp="20191028 17:51:02.000" level="INFO">Clicking element 'id=rowMerchantName0'.</msg>
<status status="PASS" starttime="20191028 17:51:02.000" endtime="20191028 17:51:02.107"></status>
</kw>
<kw name="Wait Until Element Is Visible" library="SeleniumLibrary">
<doc>Waits until element ``locator`` is visible.</doc>
<arguments>
<arg>id=display-merchantID</arg>
</arguments>
<status status="PASS" starttime="20191028 17:51:02.107" endtime="20191028 17:51:02.137"></status>
</kw>
<kw name="Get Text" library="SeleniumLibrary">
<doc>Returns the text value of element identified by ``locator``.</doc>
<arguments>
<arg>id=display-merchantID</arg>
</arguments>
<assign>
<var>${get_merchant_id}</var>
</assign>
<msg timestamp="20191028 17:51:02.161" level="INFO">${get_merchant_id} = M193019458</msg>
<status status="PASS" starttime="20191028 17:51:02.137" endtime="20191028 17:51:02.161"></status>
</kw>
<kw name="Should Be Equal As Strings" library="BuiltIn">
<doc>Fails if objects are unequal after converting them to strings.</doc>
<arguments>
<arg>${GETMERCHANTSID}</arg>
<arg>${get_merchant_id}</arg>
</arguments>
<status status="PASS" starttime="20191028 17:51:02.162" endtime="20191028 17:51:02.162"></status>
</kw>
<status status="PASS" starttime="20191028 17:50:56.828" endtime="20191028 17:51:02.162"></status>
</kw>
<kw name="And I fill new data merchant information">
<arguments>
<arg>${merchant_nameN}</arg>
<arg>${titleN}</arg>
<arg>${mer_short_nameN}</arg>
<arg>${registerNameN}</arg>
<arg>${productNameN}</arg>
<arg>${businessTypeN}</arg>
<arg>${selectBusinessTypeN}</arg>
<arg>${latitudeN}</arg>
<arg>${longtitudeN}</arg>
<arg>${emailN}</arg>
<arg>${webUrlN}</arg>
<arg>${registerIdN}</arg>
<arg>${taxN}</arg>
</arguments>
<kw name="Sleep" library="BuiltIn">
<doc>Pauses the test executed for the given time.</doc>
<arguments>
<arg>6s</arg>
</arguments>
<msg timestamp="20191028 17:51:08.163" level="INFO">Slept 6 seconds</msg>
<status status="PASS" starttime="20191028 17:51:02.163" endtime="20191028 17:51:08.163"></status>
</kw>
<kw name="Wait Until Element Is Visible" library="SeleniumLibrary">
<doc>Waits until element ``locator`` is visible.</doc>
<arguments>
<arg>id=display-businessType</arg>
</arguments>
<status status="PASS" starttime="20191028 17:51:08.163" endtime="20191028 17:51:08.190"></status>
</kw>
<kw name="Get Text" library="SeleniumLibrary">
<doc>Returns the text value of element identified by ``locator``.</doc>
<arguments>
<arg>id=display-businessType</arg>
</arguments>
<assign>
<var>${getbustype}</var>
</assign>
<msg timestamp="20191028 17:51:08.214" level="INFO">${getbustype} = ไทย-นิติบุคคล</msg>
<status status="PASS" starttime="20191028 17:51:08.190" endtime="20191028 17:51:08.214"></status>
</kw>
<kw name="Should Be Equal As Strings" library="BuiltIn">
<doc>Fails if objects are unequal after converting them to strings.</doc>
<arguments>
<arg>${getbustype}</arg>
<arg>ไทย-นิติบุคคล</arg>
</arguments>
<status status="PASS" starttime="20191028 17:51:08.214" endtime="20191028 17:51:08.214"></status>
</kw>
<kw name="Input Text" library="SeleniumLibrary">
<doc>Types the given ``text`` into text field identified by ``locator``.</doc>
<arguments>
<arg>id=input-merchantName</arg>
<arg>${mer_short_nameN}</arg>
</arguments>
<msg timestamp="20191028 17:51:08.214" level="INFO">Typing text 'โบวี่' into text field 'id=input-merchantName'.</msg>
<status status="PASS" starttime="20191028 17:51:08.214" endtime="20191028 17:51:08.318"></status>
</kw>
<kw name="Wait Until Element Is Visible" library="SeleniumLibrary">
<doc>Waits until element ``locator`` is visible.</doc>
<arguments>
<arg>id=selectGroup-title</arg>
<arg>timeout=5s</arg>
</arguments>
<status status="PASS" starttime="20191028 17:51:08.318" endtime="20191028 17:51:08.348"></status>
</kw>
<kw name="Select From List By Value" library="SeleniumLibrary">
<doc>Selects options from selection list ``locator`` by ``values``.</doc>
<arguments>
<arg>id=selectGroup-title</arg>
<arg>${titleN}</arg>
</arguments>
<msg timestamp="20191028 17:51:08.348" level="INFO">Selecting options from selection list 'id=selectGroup-title' by value คุณ.</msg>
<status status="PASS" starttime="20191028 17:51:08.348" endtime="20191028 17:51:08.442"></status>
</kw>
<kw name="Input Text" library="SeleniumLibrary">
<doc>Types the given ``text`` into text field identified by ``locator``.</doc>
<arguments>
<arg>id=input-registerName</arg>
<arg>${registerNameN}</arg>
</arguments>
<msg timestamp="20191028 17:51:08.442" level="INFO">Typing text 'นางสาวสุนิตา ลีติกุล' into text field 'id=input-registerName'.</msg>
<status status="PASS" starttime="20191028 17:51:08.442" endtime="20191028 17:51:08.649"></status>
</kw>
<kw name="Input Text" library="SeleniumLibrary">
<doc>Types the given ``text`` into text field identified by ``locator``.</doc>
<arguments>
<arg>id=input-productName</arg>
<arg>${productNameN}</arg>
</arguments>
<msg timestamp="20191028 17:51:08.650" level="INFO">Typing text 'การบำบัดน้ำเสีย' into text field 'id=input-productName'.</msg>
<status status="PASS" starttime="20191028 17:51:08.649" endtime="20191028 17:51:08.787"></status>
</kw>
<kw name="Wait Until Element Is Visible" library="SeleniumLibrary">
<doc>Waits until element ``locator`` is visible.</doc>
<arguments>
<arg>id=selectGroup-businessType</arg>
<arg>timeout=5s</arg>
</arguments>
<status status="PASS" starttime="20191028 17:51:08.787" endtime="20191028 17:51:08.815"></status>
</kw>
<kw name="Select From List By Value" library="SeleniumLibrary">
<doc>Selects options from selection list ``locator`` by ``values``.</doc>
<arguments>
<arg>id=selectGroup-businessType</arg>
<arg>${selectBusinessTypeN}</arg>
</arguments>
<msg timestamp="20191028 17:51:08.816" level="INFO">Selecting options from selection list 'id=selectGroup-businessType' by value อสังหาริมทรัพย์.</msg>
<status status="PASS" starttime="20191028 17:51:08.815" endtime="20191028 17:51:08.901"></status>
</kw>
<kw name="Input Text" library="SeleniumLibrary">
<doc>Types the given ``text`` into text field identified by ``locator``.</doc>
<arguments>
<arg>id=input-businessType</arg>
<arg>${businessTypeN}</arg>
</arguments>
<msg timestamp="20191028 17:51:08.902" level="INFO">Typing text 'ธุรกิจเกี่ยวกับสิ่งแวดล้อมและการบำบัดน้ำเสีย' into text field 'id=input-businessType'.</msg>
<status status="PASS" starttime="20191028 17:51:08.902" endtime="20191028 17:51:09.252"></status>
</kw>
<kw name="Input Text" library="SeleniumLibrary">
<doc>Types the given ``text`` into text field identified by ``locator``.</doc>
<arguments>
<arg>id=input-latitude</arg>
<arg>${latitudeN}</arg>
</arguments>
<msg timestamp="20191028 17:51:09.253" level="INFO">Typing text '107.0' into text field 'id=input-latitude'.</msg>
<status status="PASS" starttime="20191028 17:51:09.253" endtime="20191028 17:51:09.349"></status>
</kw>
<kw name="Input Text" library="SeleniumLibrary">
<doc>Types the given ``text`` into text field identified by ``locator``.</doc>
<arguments>
<arg>id=input-longitude</arg>
<arg>${longtitudeN}</arg>
</arguments>
<msg timestamp="20191028 17:51:09.349" level="INFO">Typing text '100.0' into text field 'id=input-longitude'.</msg>
<status status="PASS" starttime="20191028 17:51:09.349" endtime="20191028 17:51:09.452"></status>
</kw>
<kw name="Input Text" library="SeleniumLibrary">
<doc>Types the given ``text`` into text field identified by ``locator``.</doc>
<arguments>
<arg>id=input-email</arg>
<arg>${emailN}</arg>
</arguments>
<msg timestamp="20191028 17:51:09.452" level="INFO">Typing text 'vitgointer@test.com' into text field 'id=input-email'.</msg>
<status status="PASS" starttime="20191028 17:51:09.452" endtime="20191028 17:51:09.640"></status>
</kw>
<kw name="Input Text" library="SeleniumLibrary">
<doc>Types the given ``text`` into text field identified by ``locator``.</doc>
<arguments>
<arg>id=input-webUrl</arg>
<arg>${webUrlN}</arg>
</arguments>
<msg timestamp="20191028 17:51:09.640" level="INFO">Typing text 'www.vitgointer.com' into text field 'id=input-webUrl'.</msg>
<status status="PASS" starttime="20191028 17:51:09.640" endtime="20191028 17:51:09.809"></status>
</kw>
<kw name="Input Text" library="SeleniumLibrary">
<doc>Types the given ``text`` into text field identified by ``locator``.</doc>
<arguments>
<arg>id=input-registerId</arg>
<arg>${registerIdN}</arg>
</arguments>
<msg timestamp="20191028 17:51:09.810" level="INFO">Typing text '105549050730' into text field 'id=input-registerId'.</msg>
<status status="PASS" starttime="20191028 17:51:09.809" endtime="20191028 17:51:09.943"></status>
</kw>
<kw name="Execute Javascript" library="SeleniumLibrary">
<doc>Executes the given JavaScript code with possible arguments.</doc>
<arguments>
<arg>document.getElementById("${taxN}").click()</arg>
</arguments>
<msg timestamp="20191028 17:51:09.944" level="INFO">Executing JavaScript:
document.getElementById("tax1").click()
Without any arguments.</msg>
<status status="PASS" starttime="20191028 17:51:09.944" endtime="20191028 17:51:09.952"></status>
</kw>
<status status="PASS" starttime="20191028 17:51:02.162" endtime="20191028 17:51:09.952"></status>
</kw>
<kw name="And I save draft data th-juristic">
<kw name="Execute Javascript" library="SeleniumLibrary">
<doc>Executes the given JavaScript code with possible arguments.</doc>
<arguments>
<arg>window.scrollTo(0,0)</arg>
</arguments>
<msg timestamp="20191028 17:51:09.953" level="INFO">Executing JavaScript:
window.scrollTo(0,0)
Without any arguments.</msg>
<status status="PASS" starttime="20191028 17:51:09.952" endtime="20191028 17:51:09.962"></status>
</kw>
<kw name="Wait Until Element Is Visible" library="SeleniumLibrary">
<doc>Waits until element ``locator`` is visible.</doc>
<arguments>
<arg>id=btn-saveDraft</arg>
<arg>timeout=5s</arg>
</arguments>
<status status="PASS" starttime="20191028 17:51:09.962" endtime="20191028 17:51:09.992"></status>
</kw>
<kw name="Click Element" library="SeleniumLibrary">
<doc>Click element identified by ``locator``.</doc>
<arguments>
<arg>id=btn-saveDraft</arg>
</arguments>
<msg timestamp="20191028 17:51:09.992" level="INFO">Clicking element 'id=btn-saveDraft'.</msg>
<status status="PASS" starttime="20191028 17:51:09.992" endtime="20191028 17:51:10.051"></status>
</kw>
<kw name="Wait Until Element Is Visible" library="SeleniumLibrary">
<doc>Waits until element ``locator`` is visible.</doc>
<arguments>
<arg>id=display-merchantStatus</arg>
</arguments>
<status status="PASS" starttime="20191028 17:51:10.051" endtime="20191028 17:51:10.079"></status>
</kw>
<kw name="Get Text" library="SeleniumLibrary">
<doc>Returns the text value of element identified by ``locator``.</doc>
<arguments>
<arg>id=display-merchantStatus</arg>
</arguments>
<assign>
<var>${getmerchantstatus}</var>
</assign>
<msg timestamp="20191028 17:51:10.102" level="INFO">${getmerchantstatus} = Draft</msg>
<status status="PASS" starttime="20191028 17:51:10.079" endtime="20191028 17:51:10.102"></status>
</kw>
<kw name="Should Be Equal As Strings" library="BuiltIn">
<doc>Fails if objects are unequal after converting them to strings.</doc>
<arguments>
<arg>${getmerchantstatus}</arg>
<arg>Draft</arg>
</arguments>
<status status="PASS" starttime="20191028 17:51:10.102" endtime="20191028 17:51:10.102"></status>
</kw>
<kw name="Sleep" library="BuiltIn">
<doc>Pauses the test executed for the given time.</doc>
<arguments>
<arg>3s</arg>
</arguments>
<msg timestamp="20191028 17:51:13.105" level="INFO">Slept 3 seconds</msg>
<status status="PASS" starttime="20191028 17:51:10.103" endtime="20191028 17:51:13.105"></status>
</kw>
<kw name="Wait Until Element Is Visible" library="SeleniumLibrary">
<doc>Waits until element ``locator`` is visible.</doc>
<arguments>
<arg>id=display-merchantID</arg>
</arguments>
<status status="PASS" starttime="20191028 17:51:13.105" endtime="20191028 17:51:13.124"></status>
</kw>
<kw name="Get Text" library="SeleniumLibrary">
<doc>Returns the text value of element identified by ``locator``.</doc>
<arguments>
<arg>id=display-merchantID</arg>
</arguments>
<assign>
<var>${getmerchantsid}</var>
</assign>
<msg timestamp="20191028 17:51:13.142" level="INFO">${getmerchantsid} = M193019458</msg>
<status status="PASS" starttime="20191028 17:51:13.125" endtime="20191028 17:51:13.142"></status>
</kw>
<kw name="Wait Until Element Is Visible" library="SeleniumLibrary">
<doc>Waits until element ``locator`` is visible.</doc>
<arguments>
<arg>id=btn-close</arg>
</arguments>
<status status="PASS" starttime="20191028 17:51:13.142" endtime="20191028 17:51:13.166"></status>
</kw>
<kw name="Click Element" library="SeleniumLibrary">
<doc>Click element identified by ``locator``.</doc>
<arguments>
<arg>id=btn-close</arg>
</arguments>
<msg timestamp="20191028 17:51:13.167" level="INFO">Clicking element 'id=btn-close'.</msg>
<status status="PASS" starttime="20191028 17:51:13.166" endtime="20191028 17:51:13.235"></status>
</kw>
<kw name="Wait Until Element Is Visible" library="SeleniumLibrary">
<doc>Waits until element ``locator`` is visible.</doc>
<arguments>
<arg>xpath=/html/body/div/div/div[3]/button[1]</arg>
<arg>timeout=5s</arg>
</arguments>
<status status="PASS" starttime="20191028 17:51:13.235" endtime="20191028 17:51:13.265"></status>
</kw>
<kw name="Click Element" library="SeleniumLibrary">
<doc>Click element identified by ``locator``.</doc>
<arguments>
<arg>xpath=/html/body/div/div/div[3]/button[1]</arg>
</arguments>
<msg timestamp="20191028 17:51:13.265" level="INFO">Clicking element 'xpath=/html/body/div/div/div[3]/button[1]'.</msg>
<status status="PASS" starttime="20191028 17:51:13.265" endtime="20191028 17:51:13.365"></status>
</kw>
<kw name="Set Test Variable" library="BuiltIn">
<doc>Makes a variable available everywhere within the scope of the current test.</doc>
<arguments>
<arg>${GETMERCHANTSID}</arg>
</arguments>
<msg timestamp="20191028 17:51:13.366" level="INFO">${GETMERCHANTSID} = M193019458</msg>
<status status="PASS" starttime="20191028 17:51:13.365" endtime="20191028 17:51:13.366"></status>
</kw>
<status status="PASS" starttime="20191028 17:51:09.952" endtime="20191028 17:51:13.366"></status>
</kw>
<kw name="Then I must see merchant list after save draft">
<arguments>
<arg>${merchant_name}</arg>
</arguments>
<kw name="Page Should Contain" library="SeleniumLibrary">
<doc>Verifies that current page contains ``text``.</doc>
<arguments>
<arg>Merchant List</arg>
</arguments>
<msg timestamp="20191028 17:51:13.385" level="INFO">Current page contains text 'Merchant List'.</msg>
<status status="PASS" starttime="20191028 17:51:13.367" endtime="20191028 17:51:13.385"></status>
</kw>
<kw name="Sleep" library="BuiltIn">
<doc>Pauses the test executed for the given time.</doc>
<arguments>
<arg>5s</arg>
</arguments>
<msg timestamp="20191028 17:51:18.387" level="INFO">Slept 5 seconds</msg>
<status status="PASS" starttime="20191028 17:51:13.386" endtime="20191028 17:51:18.387"></status>
</kw>
<kw name="Input Text" library="SeleniumLibrary">
<doc>Types the given ``text`` into text field identified by ``locator``.</doc>
<arguments>
<arg>id=input-search</arg>
<arg>${merchant_name}</arg>
</arguments>
<msg timestamp="20191028 17:51:18.388" level="INFO">Typing text 'chao' into text field 'id=input-search'.</msg>
<status status="PASS" starttime="20191028 17:51:18.387" endtime="20191028 17:51:18.462"></status>
</kw>
<kw name="Press Key" library="SeleniumLibrary">
<doc>Deprecated use `Press Keys` instead.</doc>
<arguments>
<arg>id=input-search</arg>
<arg>\\13</arg>
</arguments>
<status status="PASS" starttime="20191028 17:51:18.462" endtime="20191028 17:51:18.496"></status>
</kw>
<kw name="Wait Until Element Is Visible" library="SeleniumLibrary">
<doc>Waits until element ``locator`` is visible.</doc>
<arguments>
<arg>id=rowMerchantName0</arg>
</arguments>
<status status="PASS" starttime="20191028 17:51:18.496" endtime="20191028 17:51:18.523"></status>
</kw>
<kw name="Click Element" library="SeleniumLibrary">
<doc>Click element identified by ``locator``.</doc>
<arguments>
<arg>id=rowMerchantName0</arg>
</arguments>
<msg timestamp="20191028 17:51:18.523" level="INFO">Clicking element 'id=rowMerchantName0'.</msg>
<status status="PASS" starttime="20191028 17:51:18.523" endtime="20191028 17:51:18.615"></status>
</kw>
<kw name="Wait Until Element Is Visible" library="SeleniumLibrary">
<doc>Waits until element ``locator`` is visible.</doc>
<arguments>
<arg>id=display-merchantID</arg>
</arguments>
<status status="PASS" starttime="20191028 17:51:18.615" endtime="20191028 17:51:18.639"></status>
</kw>
<kw name="Get Text" library="SeleniumLibrary">
<doc>Returns the text value of element identified by ``locator``.</doc>
<arguments>
<arg>id=display-merchantID</arg>
</arguments>
<assign>
<var>${get_merchant_id}</var>
</assign>
<msg timestamp="20191028 17:51:18.662" level="INFO">${get_merchant_id} = M193019458</msg>
<status status="PASS" starttime="20191028 17:51:18.640" endtime="20191028 17:51:18.662"></status>
</kw>
<kw name="Should Be Equal As Strings" library="BuiltIn">
<doc>Fails if objects are unequal after converting them to strings.</doc>
<arguments>
<arg>${GETMERCHANTSID}</arg>
<arg>${get_merchant_id}</arg>
</arguments>
<status status="PASS" starttime="20191028 17:51:18.662" endtime="20191028 17:51:18.662"></status>
</kw>
<status status="PASS" starttime="20191028 17:51:13.366" endtime="20191028 17:51:18.662"></status>
</kw>
<kw name="And I check data after edit">
<arguments>
<arg>${merchant_nameN}</arg>
<arg>${titleN}</arg>
<arg>${mer_short_nameN}</arg>
<arg>${registerNameN}</arg>
<arg>${productNameN}</arg>
<arg>${businessTypeN}</arg>
<arg>${selectBusinessTypeN}</arg>
<arg>${latitudeN}</arg>
<arg>${longtitudeN}</arg>
<arg>${emailN}</arg>
<arg>${webUrlN}</arg>
<arg>${registerIdN}</arg>
<arg>${taxN}</arg>
</arguments>
<kw name="Sleep" library="BuiltIn">
<doc>Pauses the test executed for the given time.</doc>
<arguments>
<arg>6s</arg>
</arguments>
<msg timestamp="20191028 17:51:24.663" level="INFO">Slept 6 seconds</msg>
<status status="PASS" starttime="20191028 17:51:18.663" endtime="20191028 17:51:24.663"></status>
</kw>
<kw name="Wait Until Element Is Visible" library="SeleniumLibrary">
<doc>Waits until element ``locator`` is visible.</doc>
<arguments>
<arg>id=display-businessType</arg>
</arguments>
<status status="PASS" starttime="20191028 17:51:24.663" endtime="20191028 17:51:24.686"></status>
</kw>
<kw name="Get Text" library="SeleniumLibrary">
<doc>Returns the text value of element identified by ``locator``.</doc>
<arguments>
<arg>id=display-businessType</arg>
</arguments>
<assign>
<var>${getbustypeN}</var>
</assign>
<msg timestamp="20191028 17:51:24.708" level="INFO">${getbustypeN} = ไทย-นิติบุคคล</msg>
<status status="PASS" starttime="20191028 17:51:24.686" endtime="20191028 17:51:24.708"></status>
</kw>
<kw name="Should Be Equal As Strings" library="BuiltIn">
<doc>Fails if objects are unequal after converting them to strings.</doc>
<arguments>
<arg>${getbustypeN}</arg>
<arg>ไทย-นิติบุคคล</arg>
</arguments>
<status status="PASS" starttime="20191028 17:51:24.708" endtime="20191028 17:51:24.708"></status>
</kw>
<kw name="Sleep" library="BuiltIn">
<doc>Pauses the test executed for the given time.</doc>
<arguments>
<arg>6s</arg>
</arguments>
<msg timestamp="20191028 17:51:30.708" level="INFO">Slept 6 seconds</msg>
<status status="PASS" starttime="20191028 17:51:24.708" endtime="20191028 17:51:30.708"></status>
</kw>
<kw name="Wait Until Element Is Visible" library="SeleniumLibrary">
<doc>Waits until element ``locator`` is visible.</doc>
<arguments>
<arg>id=input-merchantName</arg>
</arguments>
<status status="PASS" starttime="20191028 17:51:30.708" endtime="20191028 17:51:30.734"></status>
</kw>
<kw name="Get Value" library="SeleniumLibrary">
<doc>Returns the value attribute of element identified by ``locator``.</doc>
<arguments>
<arg>id=input-merchantName</arg>
</arguments>
<assign>
<var>${get_mer_short_name}</var>
</assign>
<msg timestamp="20191028 17:51:30.749" level="INFO">${get_mer_short_name} = โบวี่</msg>
<status status="PASS" starttime="20191028 17:51:30.735" endtime="20191028 17:51:30.749"></status>
</kw>
<kw name="Should Be Equal As Strings" library="BuiltIn">
<doc>Fails if objects are unequal after converting them to strings.</doc>
<arguments>
<arg>${get_mer_short_name}</arg>
<arg>${mer_short_nameN}</arg>
</arguments>
<status status="PASS" starttime="20191028 17:51:30.750" endtime="20191028 17:51:30.750"></status>
</kw>
<kw name="Wait Until Element Is Visible" library="SeleniumLibrary">
<doc>Waits until element ``locator`` is visible.</doc>
<arguments>
<arg>id=input-registerName</arg>
</arguments>
<status status="PASS" starttime="20191028 17:51:30.750" endtime="20191028 17:51:30.776"></status>
</kw>
<kw name="Get Value" library="SeleniumLibrary">
<doc>Returns the value attribute of element identified by ``locator``.</doc>
<arguments>
<arg>id=input-registerName</arg>
</arguments>
<assign>
<var>${get_registername}</var>
</assign>
<msg timestamp="20191028 17:51:30.791" level="INFO">${get_registername} = นางสาวสุนิตา ลีติกุล</msg>
<status status="PASS" starttime="20191028 17:51:30.776" endtime="20191028 17:51:30.791"></status>
</kw>
<kw name="Should Be Equal As Strings" library="BuiltIn">
<doc>Fails if objects are unequal after converting them to strings.</doc>
<arguments>
<arg>${get_registername}</arg>
<arg>${registerNameN}</arg>
</arguments>
<status status="PASS" starttime="20191028 17:51:30.792" endtime="20191028 17:51:30.792"></status>
</kw>
<kw name="Wait Until Element Is Visible" library="SeleniumLibrary">
<doc>Waits until element ``locator`` is visible.</doc>
<arguments>
<arg>id=input-productName</arg>
</arguments>
<status status="PASS" starttime="20191028 17:51:30.792" endtime="20191028 17:51:30.817"></status>
</kw>
<kw name="Get Value" library="SeleniumLibrary">
<doc>Returns the value attribute of element identified by ``locator``.</doc>
<arguments>
<arg>id=input-productName</arg>
</arguments>
<assign>
<var>${get_productname}</var>
</assign>
<msg timestamp="20191028 17:51:30.832" level="INFO">${get_productname} = การบำบัดน้ำเสีย</msg>
<status status="PASS" starttime="20191028 17:51:30.817" endtime="20191028 17:51:30.832"></status>
</kw>
<kw name="Should Be Equal As Strings" library="BuiltIn">
<doc>Fails if objects are unequal after converting them to strings.</doc>
<arguments>
<arg>${get_productname}</arg>
<arg>${productNameN}</arg>
</arguments>
<status status="PASS" starttime="20191028 17:51:30.832" endtime="20191028 17:51:30.833"></status>
</kw>
<kw name="Wait Until Element Is Visible" library="SeleniumLibrary">
<doc>Waits until element ``locator`` is visible.</doc>
<arguments>
<arg>id=input-businessType</arg>
</arguments>
<status status="PASS" starttime="20191028 17:51:30.833" endtime="20191028 17:51:30.858"></status>
</kw>
<kw name="Get Value" library="SeleniumLibrary">
<doc>Returns the value attribute of element identified by ``locator``.</doc>
<arguments>
<arg>id=input-businessType</arg>
</arguments>
<assign>
<var>${get_input_businesstype}</var>
</assign>
<msg timestamp="20191028 17:51:30.872" level="INFO">${get_input_businesstype} = ธุรกิจเกี่ยวกับสิ่งแวดล้อมและการบำบัดน้ำเสีย</msg>
<status status="PASS" starttime="20191028 17:51:30.858" endtime="20191028 17:51:30.872"></status>
</kw>
<kw name="Should Be Equal As Strings" library="BuiltIn">
<doc>Fails if objects are unequal after converting them to strings.</doc>
<arguments>
<arg>${get_input_businesstype}</arg>
<arg>${businessTypeN}</arg>
</arguments>
<status status="PASS" starttime="20191028 17:51:30.873" endtime="20191028 17:51:30.873"></status>
</kw>
<kw name="Wait Until Element Is Visible" library="SeleniumLibrary">
<doc>Waits until element ``locator`` is visible.</doc>
<arguments>
<arg>id=input-latitude</arg>
</arguments>
<status status="PASS" starttime="20191028 17:51:30.873" endtime="20191028 17:51:30.894"></status>
</kw>
<kw name="Get Value" library="SeleniumLibrary">
<doc>Returns the value attribute of element identified by ``locator``.</doc>
<arguments>
<arg>id=input-latitude</arg>
</arguments>
<assign>
<var>${getlatitude}</var>
</assign>
<msg timestamp="20191028 17:51:30.909" level="INFO">${getlatitude} = 107.0</msg>
<status status="PASS" starttime="20191028 17:51:30.894" endtime="20191028 17:51:30.909"></status>
</kw>
<kw name="Should Be Equal As Strings" library="BuiltIn">
<doc>Fails if objects are unequal after converting them to strings.</doc>
<arguments>
<arg>${getlatitude}</arg>
<arg>${latitudeN}</arg>
</arguments>
<status status="PASS" starttime="20191028 17:51:30.910" endtime="20191028 17:51:30.910"></status>
</kw>
<kw name="Wait Until Element Is Visible" library="SeleniumLibrary">
<doc>Waits until element ``locator`` is visible.</doc>
<arguments>
<arg>id=input-longitude</arg>
</arguments>
<status status="PASS" starttime="20191028 17:51:30.910" endtime="20191028 17:51:30.931"></status>
</kw>
<kw name="Get Value" library="SeleniumLibrary">
<doc>Returns the value attribute of element identified by ``locator``.</doc>
<arguments>
<arg>id=input-longitude</arg>
</arguments>
<assign>
<var>${getlongitude}</var>
</assign>
<msg timestamp="20191028 17:51:30.946" level="INFO">${getlongitude} = 100.0</msg>
<status status="PASS" starttime="20191028 17:51:30.932" endtime="20191028 17:51:30.946"></status>
</kw>
<kw name="Should Be Equal As Strings" library="BuiltIn">
<doc>Fails if objects are unequal after converting them to strings.</doc>
<arguments>
<arg>${getlongitude}</arg>
<arg>${longtitudeN}</arg>
</arguments>
<status status="PASS" starttime="20191028 17:51:30.947" endtime="20191028 17:51:30.947"></status>
</kw>
<kw name="Wait Until Element Is Visible" library="SeleniumLibrary">
<doc>Waits until element ``locator`` is visible.</doc>
<arguments>
<arg>id=input-email</arg>
</arguments>
<status status="PASS" starttime="20191028 17:51:30.947" endtime="20191028 17:51:30.969"></status>
</kw>
<kw name="Get Value" library="SeleniumLibrary">
<doc>Returns the value attribute of element identified by ``locator``.</doc>
<arguments>
<arg>id=input-email</arg>
</arguments>
<assign>
<var>${get_email}</var>
</assign>
<msg timestamp="20191028 17:51:30.983" level="INFO">${get_email} = vitgointer@test.com</msg>
<status status="PASS" starttime="20191028 17:51:30.969" endtime="20191028 17:51:30.983"></status>
</kw>
<kw name="Should Be Equal As Strings" library="BuiltIn">
<doc>Fails if objects are unequal after converting them to strings.</doc>
<arguments>
<arg>${get_email}</arg>
<arg>${emailN}</arg>
</arguments>
<status status="PASS" starttime="20191028 17:51:30.983" endtime="20191028 17:51:30.983"></status>
</kw>
<kw name="Wait Until Element Is Visible" library="SeleniumLibrary">
<doc>Waits until element ``locator`` is visible.</doc>
<arguments>
<arg>id=input-webUrl</arg>
</arguments>
<status status="PASS" starttime="20191028 17:51:30.983" endtime="20191028 17:51:31.004"></status>
</kw>
<kw name="Get Value" library="SeleniumLibrary">
<doc>Returns the value attribute of element identified by ``locator``.</doc>
<arguments>
<arg>id=input-webUrl</arg>
</arguments>
<assign>
<var>${get_webUrl}</var>
</assign>
<msg timestamp="20191028 17:51:31.019" level="INFO">${get_webUrl} = www.vitgointer.com</msg>
<status status="PASS" starttime="20191028 17:51:31.004" endtime="20191028 17:51:31.019"></status>
</kw>
<kw name="Should Be Equal As Strings" library="BuiltIn">
<doc>Fails if objects are unequal after converting them to strings.</doc>
<arguments>
<arg>${get_webUrl}</arg>
<arg>${webUrlN}</arg>
</arguments>
<status status="PASS" starttime="20191028 17:51:31.019" endtime="20191028 17:51:31.019"></status>
</kw>
<kw name="Wait Until Element Is Visible" library="SeleniumLibrary">
<doc>Waits until element ``locator`` is visible.</doc>
<arguments>
<arg>id=input-registerId</arg>
</arguments>
<status status="PASS" starttime="20191028 17:51:31.019" endtime="20191028 17:51:31.040"></status>
</kw>
<kw name="Get Value" library="SeleniumLibrary">
<doc>Returns the value attribute of element identified by ``locator``.</doc>
<arguments>
<arg>id=input-registerId</arg>
</arguments>
<assign>
<var>${get_register}</var>
</assign>
<msg timestamp="20191028 17:51:31.055" level="INFO">${get_register} = 105549050730</msg>
<status status="PASS" starttime="20191028 17:51:31.041" endtime="20191028 17:51:31.055"></status>
</kw>
<kw name="Should Be Equal As Strings" library="BuiltIn">
<doc>Fails if objects are unequal after converting them to strings.</doc>
<arguments>
<arg>${get_register}</arg>
<arg>${registerIdN}</arg>
</arguments>
<status status="PASS" starttime="20191028 17:51:31.055" endtime="20191028 17:51:31.055"></status>
</kw>
<kw name="Close Browser" library="SeleniumLibrary">
<doc>Closes the current browser.</doc>
<status status="PASS" starttime="20191028 17:51:31.055" endtime="20191028 17:51:33.165"></status>
</kw>
<status status="PASS" starttime="20191028 17:51:18.663" endtime="20191028 17:51:33.165"></status>
</kw>
<status status="PASS" starttime="20191028 17:50:34.624" endtime="20191028 17:51:33.165"></status>
</kw>
<status status="PASS" starttime="20191028 17:50:34.623" endtime="20191028 17:51:33.166" critical="yes"></status>
</test>
<status status="PASS" starttime="20191028 17:50:34.364" endtime="20191028 17:51:33.173"></status>
</suite>
<statistics>
<total>
<stat pass="1" fail="0">Critical Tests</stat>
<stat pass="1" fail="0">All Tests</stat>
</total>
<tag>
</tag>
<suite>
<stat pass="1" fail="0" id="s1" name="Ui Edit Save Draft Merchant Profile Th Ju Success">Ui Edit Save Draft Merchant Profile Th Ju Success</stat>
</suite>
</statistics>
<errors>
</errors>
</robot>
