<?xml version="1.0" encoding="UTF-8"?>
<robot generator="Robot 3.1.2 (Python 3.7.4 on win32)" generated="20191029 17:15:31.874" rpa="false">
<suite id="s1" name="Ui Edit Save Draft Merchant Profile Th Ju Success" source="D:\Git\Robot\Robot\ui_edit_save_draft_merchant_profile_th_ju_success.robot">
<test id="s1-t1" name="Edit merchant profile ui of thai-juristic">
<kw name="Edit merchant profile ui of thai-juristic">
<arguments>
<arg>ubold@coderthemes.com</arg>
<arg>test</arg>
<arg>chao1</arg>
<arg>${EMPTY}</arg>
<arg>${EMPTY}</arg>
<arg>${EMPTY}</arg>
<arg>${EMPTY}</arg>
<arg>${EMPTY}</arg>
<arg>${EMPTY}</arg>
<arg>${EMPTY}</arg>
<arg>${EMPTY}</arg>
<arg>${EMPTY}</arg>
<arg>${EMPTY}</arg>
<arg>${EMPTY}</arg>
<arg>tax4</arg>
<arg>bow shopnew</arg>
<arg>มูลนิธิ</arg>
<arg>โบวี่</arg>
<arg>นางสาวสุนิตา ลีติกุล</arg>
<arg>การบำบัดน้ำเสีย</arg>
<arg>ธุรกิจเกี่ยวกับสิ่งแวดล้อมและการบำบัดน้ำเสีย</arg>
<arg>อสังหาริมทรัพย์</arg>
<arg>107.0</arg>
<arg>100.0</arg>
<arg>vitgointer@test.com</arg>
<arg>www.vitgointer.com</arg>
<arg>105549050730</arg>
<arg>tax1</arg>
<arg>Saan</arg>
<arg>1111111111111</arg>
<arg>12/12</arg>
<arg>John</arg>
<arg>2222222222</arg>
<arg>13/13</arg>
</arguments>
<kw name="GIVEN Open Browser To Login Page">
<arguments>
<arg>${username}</arg>
<arg>${password}</arg>
</arguments>
<kw name="Open Browser" library="SeleniumLibrary">
<doc>Opens a new browser instance to the given ``url``.</doc>
<arguments>
<arg>${UI_URL}</arg>
<arg>chrome</arg>
</arguments>
<msg timestamp="20191029 17:15:32.166" level="INFO">Opening browser 'chrome' to base url 'http://webadmin.apps.ocp4-ais.aisiotportal.com'.</msg>
<status status="PASS" starttime="20191029 17:15:32.166" endtime="20191029 17:15:41.603"></status>
</kw>
<kw name="Maximize Browser Window" library="SeleniumLibrary">
<doc>Maximizes current browser window.</doc>
<status status="PASS" starttime="20191029 17:15:41.603" endtime="20191029 17:15:45.719"></status>
</kw>
<kw name="Input Text" library="SeleniumLibrary">
<doc>Types the given ``text`` into text field identified by ``locator``.</doc>
<arguments>
<arg>id=email</arg>
<arg>${username}</arg>
</arguments>
<msg timestamp="20191029 17:15:45.720" level="INFO">Typing text 'ubold@coderthemes.com' into text field 'id=email'.</msg>
<status status="PASS" starttime="20191029 17:15:45.720" endtime="20191029 17:15:45.855"></status>
</kw>
<kw name="Input Password" library="SeleniumLibrary">
<doc>Types the given password into text field identified by ``locator``.</doc>
<arguments>
<arg>id=password</arg>
<arg>${password}</arg>
</arguments>
<msg timestamp="20191029 17:15:45.855" level="INFO">Typing password into text field 'id=password'.</msg>
<status status="PASS" starttime="20191029 17:15:45.855" endtime="20191029 17:15:45.932"></status>
</kw>
<kw name="Click Button" library="SeleniumLibrary">
<doc>Clicks button identified by ``locator``.</doc>
<arguments>
<arg>xpath=/html/body/app-ubold/app-login/div/div/div/div/div[1]/div/form/div[3]/button</arg>
</arguments>
<msg timestamp="20191029 17:15:45.932" level="INFO">Clicking button 'xpath=/html/body/app-ubold/app-login/div/div/div/div/div[1]/div/form/div[3]/button'.</msg>
<status status="PASS" starttime="20191029 17:15:45.932" endtime="20191029 17:15:46.015"></status>
</kw>
<status status="PASS" starttime="20191029 17:15:32.165" endtime="20191029 17:15:46.015"></status>
</kw>
<kw name="And I select merchant management and I fill merchant name">
<arguments>
<arg>${merchant_name}</arg>
</arguments>
<kw name="Wait Until Element Is Visible" library="SeleniumLibrary">
<doc>Waits until element ``locator`` is visible.</doc>
<arguments>
<arg>id=menu-merchant</arg>
<arg>timeout=15s</arg>
</arguments>
<status status="PASS" starttime="20191029 17:15:46.016" endtime="20191029 17:15:46.814"></status>
</kw>
<kw name="Click Element" library="SeleniumLibrary">
<doc>Click element identified by ``locator``.</doc>
<arguments>
<arg>id=menu-merchant</arg>
</arguments>
<msg timestamp="20191029 17:15:46.815" level="INFO">Clicking element 'id=menu-merchant'.</msg>
<status status="PASS" starttime="20191029 17:15:46.814" endtime="20191029 17:15:47.538"></status>
</kw>
<kw name="Sleep" library="BuiltIn">
<doc>Pauses the test executed for the given time.</doc>
<arguments>
<arg>3s</arg>
</arguments>
<msg timestamp="20191029 17:15:50.538" level="INFO">Slept 3 seconds</msg>
<status status="PASS" starttime="20191029 17:15:47.538" endtime="20191029 17:15:50.538"></status>
</kw>
<kw name="Wait Until Element Is Visible" library="SeleniumLibrary">
<doc>Waits until element ``locator`` is visible.</doc>
<arguments>
<arg>id=btn-addMerchant</arg>
<arg>timeout=15s</arg>
</arguments>
<status status="PASS" starttime="20191029 17:15:50.538" endtime="20191029 17:15:50.565"></status>
</kw>
<kw name="Click Button" library="SeleniumLibrary">
<doc>Clicks button identified by ``locator``.</doc>
<arguments>
<arg>id=btn-addMerchant</arg>
</arguments>
<msg timestamp="20191029 17:15:50.566" level="INFO">Clicking button 'id=btn-addMerchant'.</msg>
<status status="PASS" starttime="20191029 17:15:50.566" endtime="20191029 17:15:50.663"></status>
</kw>
<kw name="Input Text" library="SeleniumLibrary">
<doc>Types the given ``text`` into text field identified by ``locator``.</doc>
<arguments>
<arg>id=input-merchantName</arg>
<arg>${merchant_name}</arg>
</arguments>
<msg timestamp="20191029 17:15:50.664" level="INFO">Typing text 'chao1' into text field 'id=input-merchantName'.</msg>
<status status="PASS" starttime="20191029 17:15:50.663" endtime="20191029 17:15:50.758"></status>
</kw>
<kw name="Execute Javascript" library="SeleniumLibrary">
<doc>Executes the given JavaScript code with possible arguments.</doc>
<arguments>
<arg>document.getElementById("businessType1").click()</arg>
</arguments>
<msg timestamp="20191029 17:15:50.759" level="INFO">Executing JavaScript:
document.getElementById("businessType1").click()
Without any arguments.</msg>
<status status="PASS" starttime="20191029 17:15:50.759" endtime="20191029 17:15:50.766"></status>
</kw>
<kw name="Wait Until Element Is Visible" library="SeleniumLibrary">
<doc>Waits until element ``locator`` is visible.</doc>
<arguments>
<arg>id=btn-add</arg>
<arg>timeout=15s</arg>
</arguments>
<status status="PASS" starttime="20191029 17:15:50.766" endtime="20191029 17:15:50.793"></status>
</kw>
<kw name="Click Button" library="SeleniumLibrary">
<doc>Clicks button identified by ``locator``.</doc>
<arguments>
<arg>id=btn-add</arg>
</arguments>
<msg timestamp="20191029 17:15:50.793" level="INFO">Clicking button 'id=btn-add'.</msg>
<status status="PASS" starttime="20191029 17:15:50.793" endtime="20191029 17:15:50.993"></status>
</kw>
<status status="PASS" starttime="20191029 17:15:46.015" endtime="20191029 17:15:50.994"></status>
</kw>
<kw name="And I save draft data th-juristic">
<kw name="Execute Javascript" library="SeleniumLibrary">
<doc>Executes the given JavaScript code with possible arguments.</doc>
<arguments>
<arg>window.scrollTo(0,0)</arg>
</arguments>
<msg timestamp="20191029 17:15:50.995" level="INFO">Executing JavaScript:
window.scrollTo(0,0)
Without any arguments.</msg>
<status status="PASS" starttime="20191029 17:15:50.994" endtime="20191029 17:15:51.000"></status>
</kw>
<kw name="Wait Until Element Is Visible" library="SeleniumLibrary">
<doc>Waits until element ``locator`` is visible.</doc>
<arguments>
<arg>id=btn-saveDraft</arg>
<arg>timeout=5s</arg>
</arguments>
<status status="PASS" starttime="20191029 17:15:51.000" endtime="20191029 17:15:51.039"></status>
</kw>
<kw name="Click Element" library="SeleniumLibrary">
<doc>Click element identified by ``locator``.</doc>
<arguments>
<arg>id=btn-saveDraft</arg>
</arguments>
<msg timestamp="20191029 17:15:51.040" level="INFO">Clicking element 'id=btn-saveDraft'.</msg>
<status status="PASS" starttime="20191029 17:15:51.040" endtime="20191029 17:15:51.111"></status>
</kw>
<kw name="Wait Until Element Is Visible" library="SeleniumLibrary">
<doc>Waits until element ``locator`` is visible.</doc>
<arguments>
<arg>id=display-merchantStatus</arg>
</arguments>
<status status="PASS" starttime="20191029 17:15:51.112" endtime="20191029 17:15:51.142"></status>
</kw>
<kw name="Get Text" library="SeleniumLibrary">
<doc>Returns the text value of element identified by ``locator``.</doc>
<arguments>
<arg>id=display-merchantStatus</arg>
</arguments>
<assign>
<var>${getmerchantstatus}</var>
</assign>
<msg timestamp="20191029 17:15:51.165" level="INFO">${getmerchantstatus} = Draft</msg>
<status status="PASS" starttime="20191029 17:15:51.142" endtime="20191029 17:15:51.165"></status>
</kw>
<kw name="Should Be Equal As Strings" library="BuiltIn">
<doc>Fails if objects are unequal after converting them to strings.</doc>
<arguments>
<arg>${getmerchantstatus}</arg>
<arg>Draft</arg>
</arguments>
<status status="PASS" starttime="20191029 17:15:51.165" endtime="20191029 17:15:51.165"></status>
</kw>
<kw name="Sleep" library="BuiltIn">
<doc>Pauses the test executed for the given time.</doc>
<arguments>
<arg>3s</arg>
</arguments>
<msg timestamp="20191029 17:15:54.166" level="INFO">Slept 3 seconds</msg>
<status status="PASS" starttime="20191029 17:15:51.165" endtime="20191029 17:15:54.166"></status>
</kw>
<kw name="Wait Until Element Is Visible" library="SeleniumLibrary">
<doc>Waits until element ``locator`` is visible.</doc>
<arguments>
<arg>id=display-merchantID</arg>
</arguments>
<status status="PASS" starttime="20191029 17:15:54.166" endtime="20191029 17:15:54.192"></status>
</kw>
<kw name="Get Text" library="SeleniumLibrary">
<doc>Returns the text value of element identified by ``locator``.</doc>
<arguments>
<arg>id=display-merchantID</arg>
</arguments>
<assign>
<var>${getmerchantsid}</var>
</assign>
<msg timestamp="20191029 17:15:54.213" level="INFO">${getmerchantsid} = M193022000</msg>
<status status="PASS" starttime="20191029 17:15:54.192" endtime="20191029 17:15:54.213"></status>
</kw>
<kw name="Wait Until Element Is Visible" library="SeleniumLibrary">
<doc>Waits until element ``locator`` is visible.</doc>
<arguments>
<arg>id=btn-close</arg>
</arguments>
<status status="PASS" starttime="20191029 17:15:54.214" endtime="20191029 17:15:54.239"></status>
</kw>
<kw name="Click Element" library="SeleniumLibrary">
<doc>Click element identified by ``locator``.</doc>
<arguments>
<arg>id=btn-close</arg>
</arguments>
<msg timestamp="20191029 17:15:54.239" level="INFO">Clicking element 'id=btn-close'.</msg>
<status status="PASS" starttime="20191029 17:15:54.239" endtime="20191029 17:15:54.321"></status>
</kw>
<kw name="Wait Until Element Is Visible" library="SeleniumLibrary">
<doc>Waits until element ``locator`` is visible.</doc>
<arguments>
<arg>xpath=/html/body/div/div/div[3]/button[1]</arg>
<arg>timeout=5s</arg>
</arguments>
<status status="PASS" starttime="20191029 17:15:54.321" endtime="20191029 17:15:54.352"></status>
</kw>
<kw name="Click Element" library="SeleniumLibrary">
<doc>Click element identified by ``locator``.</doc>
<arguments>
<arg>xpath=/html/body/div/div/div[3]/button[1]</arg>
</arguments>
<msg timestamp="20191029 17:15:54.353" level="INFO">Clicking element 'xpath=/html/body/div/div/div[3]/button[1]'.</msg>
<status status="PASS" starttime="20191029 17:15:54.353" endtime="20191029 17:15:54.455"></status>
</kw>
<kw name="Set Test Variable" library="BuiltIn">
<doc>Makes a variable available everywhere within the scope of the current test.</doc>
<arguments>
<arg>${GETMERCHANTSID}</arg>
</arguments>
<msg timestamp="20191029 17:15:54.456" level="INFO">${GETMERCHANTSID} = M193022000</msg>
<status status="PASS" starttime="20191029 17:15:54.455" endtime="20191029 17:15:54.456"></status>
</kw>
<status status="PASS" starttime="20191029 17:15:50.994" endtime="20191029 17:15:54.456"></status>
</kw>
<kw name="When I must see merchant list after save draft">
<arguments>
<arg>${merchant_name}</arg>
</arguments>
<kw name="Page Should Contain" library="SeleniumLibrary">
<doc>Verifies that current page contains ``text``.</doc>
<arguments>
<arg>Merchant List</arg>
</arguments>
<msg timestamp="20191029 17:15:54.476" level="INFO">Current page contains text 'Merchant List'.</msg>
<status status="PASS" starttime="20191029 17:15:54.457" endtime="20191029 17:15:54.476"></status>
</kw>
<kw name="Sleep" library="BuiltIn">
<doc>Pauses the test executed for the given time.</doc>
<arguments>
<arg>5s</arg>
</arguments>
<msg timestamp="20191029 17:15:59.477" level="INFO">Slept 5 seconds</msg>
<status status="PASS" starttime="20191029 17:15:54.476" endtime="20191029 17:15:59.477"></status>
</kw>
<kw name="Input Text" library="SeleniumLibrary">
<doc>Types the given ``text`` into text field identified by ``locator``.</doc>
<arguments>
<arg>id=input-search</arg>
<arg>${merchant_name}</arg>
</arguments>
<msg timestamp="20191029 17:15:59.477" level="INFO">Typing text 'chao1' into text field 'id=input-search'.</msg>
<status status="PASS" starttime="20191029 17:15:59.477" endtime="20191029 17:15:59.572"></status>
</kw>
<kw name="Press Key" library="SeleniumLibrary">
<doc>Deprecated use `Press Keys` instead.</doc>
<arguments>
<arg>id=input-search</arg>
<arg>\\13</arg>
</arguments>
<status status="PASS" starttime="20191029 17:15:59.572" endtime="20191029 17:15:59.606"></status>
</kw>
<kw name="Sleep" library="BuiltIn">
<doc>Pauses the test executed for the given time.</doc>
<arguments>
<arg>5s</arg>
</arguments>
<msg timestamp="20191029 17:16:04.607" level="INFO">Slept 5 seconds</msg>
<status status="PASS" starttime="20191029 17:15:59.606" endtime="20191029 17:16:04.607"></status>
</kw>
<kw name="Wait Until Element Is Visible" library="SeleniumLibrary">
<doc>Waits until element ``locator`` is visible.</doc>
<arguments>
<arg>id=rowMerchantName0</arg>
</arguments>
<status status="PASS" starttime="20191029 17:16:04.607" endtime="20191029 17:16:04.634"></status>
</kw>
<kw name="Click Element" library="SeleniumLibrary">
<doc>Click element identified by ``locator``.</doc>
<arguments>
<arg>id=rowMerchantName0</arg>
</arguments>
<msg timestamp="20191029 17:16:04.634" level="INFO">Clicking element 'id=rowMerchantName0'.</msg>
<status status="PASS" starttime="20191029 17:16:04.634" endtime="20191029 17:16:04.744"></status>
</kw>
<kw name="Wait Until Element Is Visible" library="SeleniumLibrary">
<doc>Waits until element ``locator`` is visible.</doc>
<arguments>
<arg>id=display-merchantID</arg>
</arguments>
<status status="PASS" starttime="20191029 17:16:04.744" endtime="20191029 17:16:04.772"></status>
</kw>
<kw name="Get Text" library="SeleniumLibrary">
<doc>Returns the text value of element identified by ``locator``.</doc>
<arguments>
<arg>id=display-merchantID</arg>
</arguments>
<assign>
<var>${get_merchant_id}</var>
</assign>
<msg timestamp="20191029 17:16:04.795" level="INFO">${get_merchant_id} = M193022000</msg>
<status status="PASS" starttime="20191029 17:16:04.772" endtime="20191029 17:16:04.795"></status>
</kw>
<kw name="Should Be Equal As Strings" library="BuiltIn">
<doc>Fails if objects are unequal after converting them to strings.</doc>
<arguments>
<arg>${GETMERCHANTSID}</arg>
<arg>${get_merchant_id}</arg>
</arguments>
<status status="PASS" starttime="20191029 17:16:04.795" endtime="20191029 17:16:04.796"></status>
</kw>
<status status="PASS" starttime="20191029 17:15:54.457" endtime="20191029 17:16:04.796"></status>
</kw>
<kw name="And I fill new data merchant information">
<arguments>
<arg>${merchant_nameN}</arg>
<arg>${titleN}</arg>
<arg>${mer_short_nameN}</arg>
<arg>${registerNameN}</arg>
<arg>${productNameN}</arg>
<arg>${businessTypeN}</arg>
<arg>${selectBusinessTypeN}</arg>
<arg>${latitudeN}</arg>
<arg>${longtitudeN}</arg>
<arg>${emailN}</arg>
<arg>${webUrlN}</arg>
<arg>${registerIdN}</arg>
<arg>${taxN}</arg>
<arg>${authorizedPerson0}</arg>
<arg>${authorizedPersonId0}</arg>
<arg>${authorizedPersonAddress0}</arg>
<arg>${authorizedPerson1}</arg>
<arg>${authorizedPersonId1}</arg>
<arg>${authorizedPersonAddress1}</arg>
</arguments>
<kw name="Sleep" library="BuiltIn">
<doc>Pauses the test executed for the given time.</doc>
<arguments>
<arg>2s</arg>
</arguments>
<msg timestamp="20191029 17:16:06.798" level="INFO">Slept 2 seconds</msg>
<status status="PASS" starttime="20191029 17:16:04.798" endtime="20191029 17:16:06.798"></status>
</kw>
<kw name="Wait Until Element Is Visible" library="SeleniumLibrary">
<doc>Waits until element ``locator`` is visible.</doc>
<arguments>
<arg>id=display-businessType</arg>
</arguments>
<status status="PASS" starttime="20191029 17:16:06.798" endtime="20191029 17:16:06.823"></status>
</kw>
<kw name="Get Text" library="SeleniumLibrary">
<doc>Returns the text value of element identified by ``locator``.</doc>
<arguments>
<arg>id=display-businessType</arg>
</arguments>
<assign>
<var>${getbustype}</var>
</assign>
<msg timestamp="20191029 17:16:06.845" level="INFO">${getbustype} = ไทย-นิติบุคคล</msg>
<status status="PASS" starttime="20191029 17:16:06.824" endtime="20191029 17:16:06.845"></status>
</kw>
<kw name="Should Be Equal As Strings" library="BuiltIn">
<doc>Fails if objects are unequal after converting them to strings.</doc>
<arguments>
<arg>${getbustype}</arg>
<arg>ไทย-นิติบุคคล</arg>
</arguments>
<status status="PASS" starttime="20191029 17:16:06.845" endtime="20191029 17:16:06.846"></status>
</kw>
<kw name="Input Text" library="SeleniumLibrary">
<doc>Types the given ``text`` into text field identified by ``locator``.</doc>
<arguments>
<arg>id=input-merchantName</arg>
<arg>${mer_short_nameN}</arg>
</arguments>
<msg timestamp="20191029 17:16:06.846" level="INFO">Typing text 'โบวี่' into text field 'id=input-merchantName'.</msg>
<status status="PASS" starttime="20191029 17:16:06.846" endtime="20191029 17:16:06.940"></status>
</kw>
<kw name="Wait Until Element Is Visible" library="SeleniumLibrary">
<doc>Waits until element ``locator`` is visible.</doc>
<arguments>
<arg>id=selectGroup-title</arg>
<arg>timeout=5s</arg>
</arguments>
<status status="PASS" starttime="20191029 17:16:06.940" endtime="20191029 17:16:06.969"></status>
</kw>
<kw name="Select From List By Value" library="SeleniumLibrary">
<doc>Selects options from selection list ``locator`` by ``values``.</doc>
<arguments>
<arg>id=selectGroup-title</arg>
<arg>${titleN}</arg>
</arguments>
<msg timestamp="20191029 17:16:06.970" level="INFO">Selecting options from selection list 'id=selectGroup-title' by value มูลนิธิ.</msg>
<status status="PASS" starttime="20191029 17:16:06.969" endtime="20191029 17:16:07.055"></status>
</kw>
<kw name="Input Text" library="SeleniumLibrary">
<doc>Types the given ``text`` into text field identified by ``locator``.</doc>
<arguments>
<arg>id=input-registerName</arg>
<arg>${registerNameN}</arg>
</arguments>
<msg timestamp="20191029 17:16:07.056" level="INFO">Typing text 'นางสาวสุนิตา ลีติกุล' into text field 'id=input-registerName'.</msg>
<status status="PASS" starttime="20191029 17:16:07.055" endtime="20191029 17:16:07.255"></status>
</kw>
<kw name="Input Text" library="SeleniumLibrary">
<doc>Types the given ``text`` into text field identified by ``locator``.</doc>
<arguments>
<arg>id=input-productName</arg>
<arg>${productNameN}</arg>
</arguments>
<msg timestamp="20191029 17:16:07.256" level="INFO">Typing text 'การบำบัดน้ำเสีย' into text field 'id=input-productName'.</msg>
<status status="PASS" starttime="20191029 17:16:07.255" endtime="20191029 17:16:07.407"></status>
</kw>
<kw name="Wait Until Element Is Visible" library="SeleniumLibrary">
<doc>Waits until element ``locator`` is visible.</doc>
<arguments>
<arg>id=selectGroup-businessType</arg>
<arg>timeout=5s</arg>
</arguments>
<status status="PASS" starttime="20191029 17:16:07.407" endtime="20191029 17:16:07.437"></status>
</kw>
<kw name="Select From List By Value" library="SeleniumLibrary">
<doc>Selects options from selection list ``locator`` by ``values``.</doc>
<arguments>
<arg>id=selectGroup-businessType</arg>
<arg>${selectBusinessTypeN}</arg>
</arguments>
<msg timestamp="20191029 17:16:07.437" level="INFO">Selecting options from selection list 'id=selectGroup-businessType' by value อสังหาริมทรัพย์.</msg>
<status status="PASS" starttime="20191029 17:16:07.437" endtime="20191029 17:16:07.532"></status>
</kw>
<kw name="Input Text" library="SeleniumLibrary">
<doc>Types the given ``text`` into text field identified by ``locator``.</doc>
<arguments>
<arg>id=input-businessType</arg>
<arg>${businessTypeN}</arg>
</arguments>
<msg timestamp="20191029 17:16:07.533" level="INFO">Typing text 'ธุรกิจเกี่ยวกับสิ่งแวดล้อมและการบำบัดน้ำเสีย' into text field 'id=input-businessType'.</msg>
<status status="PASS" starttime="20191029 17:16:07.532" endtime="20191029 17:16:07.869"></status>
</kw>
<kw name="Input Text" library="SeleniumLibrary">
<doc>Types the given ``text`` into text field identified by ``locator``.</doc>
<arguments>
<arg>id=input-latitude</arg>
<arg>${latitudeN}</arg>
</arguments>
<msg timestamp="20191029 17:16:07.870" level="INFO">Typing text '107.0' into text field 'id=input-latitude'.</msg>
<status status="PASS" starttime="20191029 17:16:07.869" endtime="20191029 17:16:07.959"></status>
</kw>
<kw name="Input Text" library="SeleniumLibrary">
<doc>Types the given ``text`` into text field identified by ``locator``.</doc>
<arguments>
<arg>id=input-longitude</arg>
<arg>${longtitudeN}</arg>
</arguments>
<msg timestamp="20191029 17:16:07.959" level="INFO">Typing text '100.0' into text field 'id=input-longitude'.</msg>
<status status="PASS" starttime="20191029 17:16:07.959" endtime="20191029 17:16:08.054"></status>
</kw>
<kw name="Input Text" library="SeleniumLibrary">
<doc>Types the given ``text`` into text field identified by ``locator``.</doc>
<arguments>
<arg>id=input-email</arg>
<arg>${emailN}</arg>
</arguments>
<msg timestamp="20191029 17:16:08.055" level="INFO">Typing text 'vitgointer@test.com' into text field 'id=input-email'.</msg>
<status status="PASS" starttime="20191029 17:16:08.055" endtime="20191029 17:16:08.233"></status>
</kw>
<kw name="Input Text" library="SeleniumLibrary">
<doc>Types the given ``text`` into text field identified by ``locator``.</doc>
<arguments>
<arg>id=input-webUrl</arg>
<arg>${webUrlN}</arg>
</arguments>
<msg timestamp="20191029 17:16:08.233" level="INFO">Typing text 'www.vitgointer.com' into text field 'id=input-webUrl'.</msg>
<status status="PASS" starttime="20191029 17:16:08.233" endtime="20191029 17:16:08.408"></status>
</kw>
<kw name="Input Text" library="SeleniumLibrary">
<doc>Types the given ``text`` into text field identified by ``locator``.</doc>
<arguments>
<arg>id=input-registerId</arg>
<arg>${registerIdN}</arg>
</arguments>
<msg timestamp="20191029 17:16:08.409" level="INFO">Typing text '105549050730' into text field 'id=input-registerId'.</msg>
<status status="PASS" starttime="20191029 17:16:08.409" endtime="20191029 17:16:08.535"></status>
</kw>
<kw name="Execute Javascript" library="SeleniumLibrary">
<doc>Executes the given JavaScript code with possible arguments.</doc>
<arguments>
<arg>document.getElementById("${taxN}").click()</arg>
</arguments>
<msg timestamp="20191029 17:16:08.536" level="INFO">Executing JavaScript:
document.getElementById("tax1").click()
Without any arguments.</msg>
<status status="PASS" starttime="20191029 17:16:08.536" endtime="20191029 17:16:08.544"></status>
</kw>
<kw name="Input Text" library="SeleniumLibrary">
<doc>Types the given ``text`` into text field identified by ``locator``.</doc>
<arguments>
<arg>id=input-authorizedPerson0</arg>
<arg>${authorizedPerson0}</arg>
</arguments>
<msg timestamp="20191029 17:16:08.544" level="INFO">Typing text 'Saan' into text field 'id=input-authorizedPerson0'.</msg>
<status status="PASS" starttime="20191029 17:16:08.544" endtime="20191029 17:16:08.641"></status>
</kw>
<kw name="Input Text" library="SeleniumLibrary">
<doc>Types the given ``text`` into text field identified by ``locator``.</doc>
<arguments>
<arg>id=input-authorizedPersonId0</arg>
<arg>${authorizedPersonId0}</arg>
</arguments>
<msg timestamp="20191029 17:16:08.642" level="INFO">Typing text '1111111111111' into text field 'id=input-authorizedPersonId0'.</msg>
<status status="PASS" starttime="20191029 17:16:08.642" endtime="20191029 17:16:08.778"></status>
</kw>
<kw name="Input Text" library="SeleniumLibrary">
<doc>Types the given ``text`` into text field identified by ``locator``.</doc>
<arguments>
<arg>id=input-authorizedPersonAddress0</arg>
<arg>${authorizedPersonAddress0}</arg>
</arguments>
<msg timestamp="20191029 17:16:08.778" level="INFO">Typing text '12/12' into text field 'id=input-authorizedPersonAddress0'.</msg>
<status status="PASS" starttime="20191029 17:16:08.778" endtime="20191029 17:16:08.874"></status>
</kw>
<kw name="Click Button" library="SeleniumLibrary">
<doc>Clicks button identified by ``locator``.</doc>
<arguments>
<arg>id=btn-addAuthorizedPerson</arg>
</arguments>
<msg timestamp="20191029 17:16:08.875" level="INFO">Clicking button 'id=btn-addAuthorizedPerson'.</msg>
<status status="PASS" starttime="20191029 17:16:08.875" endtime="20191029 17:16:09.005"></status>
</kw>
<kw name="Sleep" library="BuiltIn">
<doc>Pauses the test executed for the given time.</doc>
<arguments>
<arg>1s</arg>
</arguments>
<msg timestamp="20191029 17:16:10.006" level="INFO">Slept 1 second</msg>
<status status="PASS" starttime="20191029 17:16:09.005" endtime="20191029 17:16:10.006"></status>
</kw>
<kw name="Input Text" library="SeleniumLibrary">
<doc>Types the given ``text`` into text field identified by ``locator``.</doc>
<arguments>
<arg>id=input-authorizedPerson1</arg>
<arg>${authorizedPerson1}</arg>
</arguments>
<msg timestamp="20191029 17:16:10.006" level="INFO">Typing text 'John' into text field 'id=input-authorizedPerson1'.</msg>
<status status="PASS" starttime="20191029 17:16:10.006" endtime="20191029 17:16:10.108"></status>
</kw>
<kw name="Input Text" library="SeleniumLibrary">
<doc>Types the given ``text`` into text field identified by ``locator``.</doc>
<arguments>
<arg>id=input-authorizedPersonId1</arg>
<arg>${authorizedPersonId1}</arg>
</arguments>
<msg timestamp="20191029 17:16:10.108" level="INFO">Typing text '2222222222' into text field 'id=input-authorizedPersonId1'.</msg>
<status status="PASS" starttime="20191029 17:16:10.108" endtime="20191029 17:16:10.252"></status>
</kw>
<kw name="Input Text" library="SeleniumLibrary">
<doc>Types the given ``text`` into text field identified by ``locator``.</doc>
<arguments>
<arg>id=input-authorizedPersonAddress1</arg>
<arg>${authorizedPersonAddress1}</arg>
</arguments>
<msg timestamp="20191029 17:16:10.252" level="INFO">Typing text '13/13' into text field 'id=input-authorizedPersonAddress1'.</msg>
<status status="PASS" starttime="20191029 17:16:10.252" endtime="20191029 17:16:10.359"></status>
</kw>
<kw name="Sleep" library="BuiltIn">
<doc>Pauses the test executed for the given time.</doc>
<arguments>
<arg>1s</arg>
</arguments>
<msg timestamp="20191029 17:16:11.359" level="INFO">Slept 1 second</msg>
<status status="PASS" starttime="20191029 17:16:10.359" endtime="20191029 17:16:11.359"></status>
</kw>
<kw name="Click Element" library="SeleniumLibrary">
<doc>Click element identified by ``locator``.</doc>
<arguments>
<arg>id=btn-authorizedPersonClose1</arg>
</arguments>
<msg timestamp="20191029 17:16:11.359" level="INFO">Clicking element 'id=btn-authorizedPersonClose1'.</msg>
<status status="PASS" starttime="20191029 17:16:11.359" endtime="20191029 17:16:11.440"></status>
</kw>
<kw name="Click Button" library="SeleniumLibrary">
<doc>Clicks button identified by ``locator``.</doc>
<arguments>
<arg>xpath=/html/body/div/div/div[3]/button[1]</arg>
</arguments>
<msg timestamp="20191029 17:16:11.440" level="INFO">Clicking button 'xpath=/html/body/div/div/div[3]/button[1]'.</msg>
<status status="PASS" starttime="20191029 17:16:11.440" endtime="20191029 17:16:11.539"></status>
</kw>
<kw name="Sleep" library="BuiltIn">
<doc>Pauses the test executed for the given time.</doc>
<arguments>
<arg>2s</arg>
</arguments>
<msg timestamp="20191029 17:16:13.541" level="INFO">Slept 2 seconds</msg>
<status status="PASS" starttime="20191029 17:16:11.539" endtime="20191029 17:16:13.541"></status>
</kw>
<status status="PASS" starttime="20191029 17:16:04.796" endtime="20191029 17:16:13.541"></status>
</kw>
<kw name="And I fill merchant with effective date">
<kw name="Execute Javascript" library="SeleniumLibrary">
<doc>Executes the given JavaScript code with possible arguments.</doc>
<arguments>
<arg>window.scrollTo(0,0)</arg>
</arguments>
<msg timestamp="20191029 17:16:13.542" level="INFO">Executing JavaScript:
window.scrollTo(0,0)
Without any arguments.</msg>
<status status="PASS" starttime="20191029 17:16:13.542" endtime="20191029 17:16:13.549"></status>
</kw>
<kw name="Click Element" library="SeleniumLibrary">
<doc>Click element identified by ``locator``.</doc>
<arguments>
<arg>css=#display-right-icon &gt; div &gt; div:nth-child(4) &gt; div &gt; div &gt; div &gt; h5</arg>
</arguments>
<msg timestamp="20191029 17:16:13.550" level="INFO">Clicking element 'css=#display-right-icon &gt; div &gt; div:nth-child(4) &gt; div &gt; div &gt; div &gt; h5'.</msg>
<status status="PASS" starttime="20191029 17:16:13.550" endtime="20191029 17:16:13.644"></status>
</kw>
<kw name="Sleep" library="BuiltIn">
<doc>Pauses the test executed for the given time.</doc>
<arguments>
<arg>1</arg>
</arguments>
<msg timestamp="20191029 17:16:14.646" level="INFO">Slept 1 second</msg>
<status status="PASS" starttime="20191029 17:16:13.644" endtime="20191029 17:16:14.646"></status>
</kw>
<kw name="Select AdvanceDate" library="customKeyword">
<arguments>
<arg>${6}</arg>
</arguments>
<assign>
<var>${test}</var>
</assign>
<msg timestamp="20191029 17:16:20.648" level="INFO">${test} = None</msg>
<status status="PASS" starttime="20191029 17:16:14.646" endtime="20191029 17:16:20.648"></status>
</kw>
<status status="PASS" starttime="20191029 17:16:13.541" endtime="20191029 17:16:20.648"></status>
</kw>
<kw name="And I save draft data th-juristic">
<kw name="Execute Javascript" library="SeleniumLibrary">
<doc>Executes the given JavaScript code with possible arguments.</doc>
<arguments>
<arg>window.scrollTo(0,0)</arg>
</arguments>
<msg timestamp="20191029 17:16:20.649" level="INFO">Executing JavaScript:
window.scrollTo(0,0)
Without any arguments.</msg>
<status status="PASS" starttime="20191029 17:16:20.649" endtime="20191029 17:16:20.667"></status>
</kw>
<kw name="Wait Until Element Is Visible" library="SeleniumLibrary">
<doc>Waits until element ``locator`` is visible.</doc>
<arguments>
<arg>id=btn-saveDraft</arg>
<arg>timeout=5s</arg>
</arguments>
<status status="PASS" starttime="20191029 17:16:20.667" endtime="20191029 17:16:20.693"></status>
</kw>
<kw name="Click Element" library="SeleniumLibrary">
<doc>Click element identified by ``locator``.</doc>
<arguments>
<arg>id=btn-saveDraft</arg>
</arguments>
<msg timestamp="20191029 17:16:20.693" level="INFO">Clicking element 'id=btn-saveDraft'.</msg>
<status status="PASS" starttime="20191029 17:16:20.693" endtime="20191029 17:16:20.767"></status>
</kw>
<kw name="Wait Until Element Is Visible" library="SeleniumLibrary">
<doc>Waits until element ``locator`` is visible.</doc>
<arguments>
<arg>id=display-merchantStatus</arg>
</arguments>
<status status="PASS" starttime="20191029 17:16:20.767" endtime="20191029 17:16:20.794"></status>
</kw>
<kw name="Get Text" library="SeleniumLibrary">
<doc>Returns the text value of element identified by ``locator``.</doc>
<arguments>
<arg>id=display-merchantStatus</arg>
</arguments>
<assign>
<var>${getmerchantstatus}</var>
</assign>
<msg timestamp="20191029 17:16:20.818" level="INFO">${getmerchantstatus} = Draft</msg>
<status status="PASS" starttime="20191029 17:16:20.794" endtime="20191029 17:16:20.818"></status>
</kw>
<kw name="Should Be Equal As Strings" library="BuiltIn">
<doc>Fails if objects are unequal after converting them to strings.</doc>
<arguments>
<arg>${getmerchantstatus}</arg>
<arg>Draft</arg>
</arguments>
<status status="PASS" starttime="20191029 17:16:20.818" endtime="20191029 17:16:20.819"></status>
</kw>
<kw name="Sleep" library="BuiltIn">
<doc>Pauses the test executed for the given time.</doc>
<arguments>
<arg>3s</arg>
</arguments>
<msg timestamp="20191029 17:16:23.821" level="INFO">Slept 3 seconds</msg>
<status status="PASS" starttime="20191029 17:16:20.819" endtime="20191029 17:16:23.821"></status>
</kw>
<kw name="Wait Until Element Is Visible" library="SeleniumLibrary">
<doc>Waits until element ``locator`` is visible.</doc>
<arguments>
<arg>id=display-merchantID</arg>
</arguments>
<status status="PASS" starttime="20191029 17:16:23.821" endtime="20191029 17:16:23.839"></status>
</kw>
<kw name="Get Text" library="SeleniumLibrary">
<doc>Returns the text value of element identified by ``locator``.</doc>
<arguments>
<arg>id=display-merchantID</arg>
</arguments>
<assign>
<var>${getmerchantsid}</var>
</assign>
<msg timestamp="20191029 17:16:23.856" level="INFO">${getmerchantsid} = M193022000</msg>
<status status="PASS" starttime="20191029 17:16:23.839" endtime="20191029 17:16:23.856"></status>
</kw>
<kw name="Wait Until Element Is Visible" library="SeleniumLibrary">
<doc>Waits until element ``locator`` is visible.</doc>
<arguments>
<arg>id=btn-close</arg>
</arguments>
<status status="PASS" starttime="20191029 17:16:23.857" endtime="20191029 17:16:23.882"></status>
</kw>
<kw name="Click Element" library="SeleniumLibrary">
<doc>Click element identified by ``locator``.</doc>
<arguments>
<arg>id=btn-close</arg>
</arguments>
<msg timestamp="20191029 17:16:23.882" level="INFO">Clicking element 'id=btn-close'.</msg>
<status status="PASS" starttime="20191029 17:16:23.882" endtime="20191029 17:16:23.943"></status>
</kw>
<kw name="Wait Until Element Is Visible" library="SeleniumLibrary">
<doc>Waits until element ``locator`` is visible.</doc>
<arguments>
<arg>xpath=/html/body/div/div/div[3]/button[1]</arg>
<arg>timeout=5s</arg>
</arguments>
<status status="PASS" starttime="20191029 17:16:23.943" endtime="20191029 17:16:23.972"></status>
</kw>
<kw name="Click Element" library="SeleniumLibrary">
<doc>Click element identified by ``locator``.</doc>
<arguments>
<arg>xpath=/html/body/div/div/div[3]/button[1]</arg>
</arguments>
<msg timestamp="20191029 17:16:23.972" level="INFO">Clicking element 'xpath=/html/body/div/div/div[3]/button[1]'.</msg>
<status status="PASS" starttime="20191029 17:16:23.972" endtime="20191029 17:16:24.069"></status>
</kw>
<kw name="Set Test Variable" library="BuiltIn">
<doc>Makes a variable available everywhere within the scope of the current test.</doc>
<arguments>
<arg>${GETMERCHANTSID}</arg>
</arguments>
<msg timestamp="20191029 17:16:24.070" level="INFO">${GETMERCHANTSID} = M193022000</msg>
<status status="PASS" starttime="20191029 17:16:24.070" endtime="20191029 17:16:24.071"></status>
</kw>
<status status="PASS" starttime="20191029 17:16:20.649" endtime="20191029 17:16:24.071"></status>
</kw>
<kw name="Then I must see merchant list after save draft">
<arguments>
<arg>${merchant_name}</arg>
</arguments>
<kw name="Page Should Contain" library="SeleniumLibrary">
<doc>Verifies that current page contains ``text``.</doc>
<arguments>
<arg>Merchant List</arg>
</arguments>
<msg timestamp="20191029 17:16:24.088" level="INFO">Current page contains text 'Merchant List'.</msg>
<status status="PASS" starttime="20191029 17:16:24.071" endtime="20191029 17:16:24.088"></status>
</kw>
<kw name="Sleep" library="BuiltIn">
<doc>Pauses the test executed for the given time.</doc>
<arguments>
<arg>5s</arg>
</arguments>
<msg timestamp="20191029 17:16:29.090" level="INFO">Slept 5 seconds</msg>
<status status="PASS" starttime="20191029 17:16:24.088" endtime="20191029 17:16:29.090"></status>
</kw>
<kw name="Input Text" library="SeleniumLibrary">
<doc>Types the given ``text`` into text field identified by ``locator``.</doc>
<arguments>
<arg>id=input-search</arg>
<arg>${merchant_name}</arg>
</arguments>
<msg timestamp="20191029 17:16:29.090" level="INFO">Typing text 'chao1' into text field 'id=input-search'.</msg>
<status status="PASS" starttime="20191029 17:16:29.090" endtime="20191029 17:16:29.170"></status>
</kw>
<kw name="Press Key" library="SeleniumLibrary">
<doc>Deprecated use `Press Keys` instead.</doc>
<arguments>
<arg>id=input-search</arg>
<arg>\\13</arg>
</arguments>
<status status="PASS" starttime="20191029 17:16:29.170" endtime="20191029 17:16:29.200"></status>
</kw>
<kw name="Sleep" library="BuiltIn">
<doc>Pauses the test executed for the given time.</doc>
<arguments>
<arg>5s</arg>
</arguments>
<msg timestamp="20191029 17:16:34.202" level="INFO">Slept 5 seconds</msg>
<status status="PASS" starttime="20191029 17:16:29.201" endtime="20191029 17:16:34.202"></status>
</kw>
<kw name="Wait Until Element Is Visible" library="SeleniumLibrary">
<doc>Waits until element ``locator`` is visible.</doc>
<arguments>
<arg>id=rowMerchantName0</arg>
</arguments>
<status status="PASS" starttime="20191029 17:16:34.202" endtime="20191029 17:16:34.223"></status>
</kw>
<kw name="Click Element" library="SeleniumLibrary">
<doc>Click element identified by ``locator``.</doc>
<arguments>
<arg>id=rowMerchantName0</arg>
</arguments>
<msg timestamp="20191029 17:16:34.223" level="INFO">Clicking element 'id=rowMerchantName0'.</msg>
<status status="PASS" starttime="20191029 17:16:34.223" endtime="20191029 17:16:34.320"></status>
</kw>
<kw name="Wait Until Element Is Visible" library="SeleniumLibrary">
<doc>Waits until element ``locator`` is visible.</doc>
<arguments>
<arg>id=display-merchantID</arg>
</arguments>
<status status="PASS" starttime="20191029 17:16:34.321" endtime="20191029 17:16:34.346"></status>
</kw>
<kw name="Get Text" library="SeleniumLibrary">
<doc>Returns the text value of element identified by ``locator``.</doc>
<arguments>
<arg>id=display-merchantID</arg>
</arguments>
<assign>
<var>${get_merchant_id}</var>
</assign>
<msg timestamp="20191029 17:16:34.369" level="INFO">${get_merchant_id} = M193022000</msg>
<status status="PASS" starttime="20191029 17:16:34.346" endtime="20191029 17:16:34.369"></status>
</kw>
<kw name="Should Be Equal As Strings" library="BuiltIn">
<doc>Fails if objects are unequal after converting them to strings.</doc>
<arguments>
<arg>${GETMERCHANTSID}</arg>
<arg>${get_merchant_id}</arg>
</arguments>
<status status="PASS" starttime="20191029 17:16:34.369" endtime="20191029 17:16:34.369"></status>
</kw>
<status status="PASS" starttime="20191029 17:16:24.071" endtime="20191029 17:16:34.370"></status>
</kw>
<kw name="And I check data after edit">
<arguments>
<arg>${merchant_nameN}</arg>
<arg>${titleN}</arg>
<arg>${mer_short_nameN}</arg>
<arg>${registerNameN}</arg>
<arg>${productNameN}</arg>
<arg>${businessTypeN}</arg>
<arg>${selectBusinessTypeN}</arg>
<arg>${latitudeN}</arg>
<arg>${longtitudeN}</arg>
<arg>${emailN}</arg>
<arg>${webUrlN}</arg>
<arg>${registerIdN}</arg>
<arg>${taxN}</arg>
<arg>${authorizedPerson0}</arg>
<arg>${authorizedPersonId0}</arg>
<arg>${authorizedPersonAddress0}</arg>
<arg>${authorizedPerson1}</arg>
<arg>${authorizedPersonId1}</arg>
<arg>${authorizedPersonAddress1}</arg>
</arguments>
<kw name="Sleep" library="BuiltIn">
<doc>Pauses the test executed for the given time.</doc>
<arguments>
<arg>6s</arg>
</arguments>
<msg timestamp="20191029 17:16:40.372" level="INFO">Slept 6 seconds</msg>
<status status="PASS" starttime="20191029 17:16:34.371" endtime="20191029 17:16:40.372"></status>
</kw>
<kw name="Wait Until Element Is Visible" library="SeleniumLibrary">
<doc>Waits until element ``locator`` is visible.</doc>
<arguments>
<arg>id=display-businessType</arg>
</arguments>
<status status="PASS" starttime="20191029 17:16:40.372" endtime="20191029 17:16:40.396"></status>
</kw>
<kw name="Get Text" library="SeleniumLibrary">
<doc>Returns the text value of element identified by ``locator``.</doc>
<arguments>
<arg>id=display-businessType</arg>
</arguments>
<assign>
<var>${getbustypeN}</var>
</assign>
<msg timestamp="20191029 17:16:40.418" level="INFO">${getbustypeN} = ไทย-นิติบุคคล</msg>
<status status="PASS" starttime="20191029 17:16:40.396" endtime="20191029 17:16:40.418"></status>
</kw>
<kw name="Should Be Equal As Strings" library="BuiltIn">
<doc>Fails if objects are unequal after converting them to strings.</doc>
<arguments>
<arg>${getbustypeN}</arg>
<arg>ไทย-นิติบุคคล</arg>
</arguments>
<status status="PASS" starttime="20191029 17:16:40.418" endtime="20191029 17:16:40.419"></status>
</kw>
<kw name="Sleep" library="BuiltIn">
<doc>Pauses the test executed for the given time.</doc>
<arguments>
<arg>6s</arg>
</arguments>
<msg timestamp="20191029 17:16:46.420" level="INFO">Slept 6 seconds</msg>
<status status="PASS" starttime="20191029 17:16:40.419" endtime="20191029 17:16:46.420"></status>
</kw>
<kw name="Wait Until Element Is Visible" library="SeleniumLibrary">
<doc>Waits until element ``locator`` is visible.</doc>
<arguments>
<arg>id=input-merchantName</arg>
</arguments>
<status status="PASS" starttime="20191029 17:16:46.420" endtime="20191029 17:16:46.447"></status>
</kw>
<kw name="Get Value" library="SeleniumLibrary">
<doc>Returns the value attribute of element identified by ``locator``.</doc>
<arguments>
<arg>id=input-merchantName</arg>
</arguments>
<assign>
<var>${get_mer_short_name}</var>
</assign>
<msg timestamp="20191029 17:16:46.462" level="INFO">${get_mer_short_name} = โบวี่</msg>
<status status="PASS" starttime="20191029 17:16:46.447" endtime="20191029 17:16:46.462"></status>
</kw>
<kw name="Should Be Equal As Strings" library="BuiltIn">
<doc>Fails if objects are unequal after converting them to strings.</doc>
<arguments>
<arg>${get_mer_short_name}</arg>
<arg>${mer_short_nameN}</arg>
</arguments>
<status status="PASS" starttime="20191029 17:16:46.462" endtime="20191029 17:16:46.463"></status>
</kw>
<kw name="Wait Until Element Is Visible" library="SeleniumLibrary">
<doc>Waits until element ``locator`` is visible.</doc>
<arguments>
<arg>id=input-registerName</arg>
</arguments>
<status status="PASS" starttime="20191029 17:16:46.463" endtime="20191029 17:16:46.487"></status>
</kw>
<kw name="Get Value" library="SeleniumLibrary">
<doc>Returns the value attribute of element identified by ``locator``.</doc>
<arguments>
<arg>id=input-registerName</arg>
</arguments>
<assign>
<var>${get_registername}</var>
</assign>
<msg timestamp="20191029 17:16:46.502" level="INFO">${get_registername} = นางสาวสุนิตา ลีติกุล</msg>
<status status="PASS" starttime="20191029 17:16:46.488" endtime="20191029 17:16:46.503"></status>
</kw>
<kw name="Should Be Equal As Strings" library="BuiltIn">
<doc>Fails if objects are unequal after converting them to strings.</doc>
<arguments>
<arg>${get_registername}</arg>
<arg>${registerNameN}</arg>
</arguments>
<status status="PASS" starttime="20191029 17:16:46.503" endtime="20191029 17:16:46.503"></status>
</kw>
<kw name="Wait Until Element Is Visible" library="SeleniumLibrary">
<doc>Waits until element ``locator`` is visible.</doc>
<arguments>
<arg>id=input-productName</arg>
</arguments>
<status status="PASS" starttime="20191029 17:16:46.503" endtime="20191029 17:16:46.529"></status>
</kw>
<kw name="Get Value" library="SeleniumLibrary">
<doc>Returns the value attribute of element identified by ``locator``.</doc>
<arguments>
<arg>id=input-productName</arg>
</arguments>
<assign>
<var>${get_productname}</var>
</assign>
<msg timestamp="20191029 17:16:46.544" level="INFO">${get_productname} = การบำบัดน้ำเสีย</msg>
<status status="PASS" starttime="20191029 17:16:46.529" endtime="20191029 17:16:46.544"></status>
</kw>
<kw name="Should Be Equal As Strings" library="BuiltIn">
<doc>Fails if objects are unequal after converting them to strings.</doc>
<arguments>
<arg>${get_productname}</arg>
<arg>${productNameN}</arg>
</arguments>
<status status="PASS" starttime="20191029 17:16:46.544" endtime="20191029 17:16:46.545"></status>
</kw>
<kw name="Wait Until Element Is Visible" library="SeleniumLibrary">
<doc>Waits until element ``locator`` is visible.</doc>
<arguments>
<arg>id=input-businessType</arg>
</arguments>
<status status="PASS" starttime="20191029 17:16:46.545" endtime="20191029 17:16:46.571"></status>
</kw>
<kw name="Get Value" library="SeleniumLibrary">
<doc>Returns the value attribute of element identified by ``locator``.</doc>
<arguments>
<arg>id=input-businessType</arg>
</arguments>
<assign>
<var>${get_input_businesstype}</var>
</assign>
<msg timestamp="20191029 17:16:46.588" level="INFO">${get_input_businesstype} = ธุรกิจเกี่ยวกับสิ่งแวดล้อมและการบำบัดน้ำเสีย</msg>
<status status="PASS" starttime="20191029 17:16:46.571" endtime="20191029 17:16:46.588"></status>
</kw>
<kw name="Should Be Equal As Strings" library="BuiltIn">
<doc>Fails if objects are unequal after converting them to strings.</doc>
<arguments>
<arg>${get_input_businesstype}</arg>
<arg>${businessTypeN}</arg>
</arguments>
<status status="PASS" starttime="20191029 17:16:46.588" endtime="20191029 17:16:46.588"></status>
</kw>
<kw name="Wait Until Element Is Visible" library="SeleniumLibrary">
<doc>Waits until element ``locator`` is visible.</doc>
<arguments>
<arg>id=input-latitude</arg>
</arguments>
<status status="PASS" starttime="20191029 17:16:46.588" endtime="20191029 17:16:46.615"></status>
</kw>
<kw name="Get Value" library="SeleniumLibrary">
<doc>Returns the value attribute of element identified by ``locator``.</doc>
<arguments>
<arg>id=input-latitude</arg>
</arguments>
<assign>
<var>${getlatitude}</var>
</assign>
<msg timestamp="20191029 17:16:46.629" level="INFO">${getlatitude} = 107.0</msg>
<status status="PASS" starttime="20191029 17:16:46.615" endtime="20191029 17:16:46.629"></status>
</kw>
<kw name="Should Be Equal As Strings" library="BuiltIn">
<doc>Fails if objects are unequal after converting them to strings.</doc>
<arguments>
<arg>${getlatitude}</arg>
<arg>${latitudeN}</arg>
</arguments>
<status status="PASS" starttime="20191029 17:16:46.630" endtime="20191029 17:16:46.630"></status>
</kw>
<kw name="Wait Until Element Is Visible" library="SeleniumLibrary">
<doc>Waits until element ``locator`` is visible.</doc>
<arguments>
<arg>id=input-longitude</arg>
</arguments>
<status status="PASS" starttime="20191029 17:16:46.630" endtime="20191029 17:16:46.656"></status>
</kw>
<kw name="Get Value" library="SeleniumLibrary">
<doc>Returns the value attribute of element identified by ``locator``.</doc>
<arguments>
<arg>id=input-longitude</arg>
</arguments>
<assign>
<var>${getlongitude}</var>
</assign>
<msg timestamp="20191029 17:16:46.672" level="INFO">${getlongitude} = 100.0</msg>
<status status="PASS" starttime="20191029 17:16:46.657" endtime="20191029 17:16:46.672"></status>
</kw>
<kw name="Should Be Equal As Strings" library="BuiltIn">
<doc>Fails if objects are unequal after converting them to strings.</doc>
<arguments>
<arg>${getlongitude}</arg>
<arg>${longtitudeN}</arg>
</arguments>
<status status="PASS" starttime="20191029 17:16:46.672" endtime="20191029 17:16:46.673"></status>
</kw>
<kw name="Wait Until Element Is Visible" library="SeleniumLibrary">
<doc>Waits until element ``locator`` is visible.</doc>
<arguments>
<arg>id=input-email</arg>
</arguments>
<status status="PASS" starttime="20191029 17:16:46.673" endtime="20191029 17:16:46.698"></status>
</kw>
<kw name="Get Value" library="SeleniumLibrary">
<doc>Returns the value attribute of element identified by ``locator``.</doc>
<arguments>
<arg>id=input-email</arg>
</arguments>
<assign>
<var>${get_email}</var>
</assign>
<msg timestamp="20191029 17:16:46.715" level="INFO">${get_email} = vitgointer@test.com</msg>
<status status="PASS" starttime="20191029 17:16:46.698" endtime="20191029 17:16:46.715"></status>
</kw>
<kw name="Should Be Equal As Strings" library="BuiltIn">
<doc>Fails if objects are unequal after converting them to strings.</doc>
<arguments>
<arg>${get_email}</arg>
<arg>${emailN}</arg>
</arguments>
<status status="PASS" starttime="20191029 17:16:46.715" endtime="20191029 17:16:46.716"></status>
</kw>
<kw name="Wait Until Element Is Visible" library="SeleniumLibrary">
<doc>Waits until element ``locator`` is visible.</doc>
<arguments>
<arg>id=input-webUrl</arg>
</arguments>
<status status="PASS" starttime="20191029 17:16:46.716" endtime="20191029 17:16:46.741"></status>
</kw>
<kw name="Get Value" library="SeleniumLibrary">
<doc>Returns the value attribute of element identified by ``locator``.</doc>
<arguments>
<arg>id=input-webUrl</arg>
</arguments>
<assign>
<var>${get_webUrl}</var>
</assign>
<msg timestamp="20191029 17:16:46.756" level="INFO">${get_webUrl} = www.vitgointer.com</msg>
<status status="PASS" starttime="20191029 17:16:46.741" endtime="20191029 17:16:46.756"></status>
</kw>
<kw name="Should Be Equal As Strings" library="BuiltIn">
<doc>Fails if objects are unequal after converting them to strings.</doc>
<arguments>
<arg>${get_webUrl}</arg>
<arg>${webUrlN}</arg>
</arguments>
<status status="PASS" starttime="20191029 17:16:46.756" endtime="20191029 17:16:46.756"></status>
</kw>
<kw name="Wait Until Element Is Visible" library="SeleniumLibrary">
<doc>Waits until element ``locator`` is visible.</doc>
<arguments>
<arg>id=input-registerId</arg>
</arguments>
<status status="PASS" starttime="20191029 17:16:46.757" endtime="20191029 17:16:46.781"></status>
</kw>
<kw name="Get Value" library="SeleniumLibrary">
<doc>Returns the value attribute of element identified by ``locator``.</doc>
<arguments>
<arg>id=input-registerId</arg>
</arguments>
<assign>
<var>${get_register}</var>
</assign>
<msg timestamp="20191029 17:16:46.796" level="INFO">${get_register} = 105549050730</msg>
<status status="PASS" starttime="20191029 17:16:46.781" endtime="20191029 17:16:46.796"></status>
</kw>
<kw name="Should Be Equal As Strings" library="BuiltIn">
<doc>Fails if objects are unequal after converting them to strings.</doc>
<arguments>
<arg>${get_register}</arg>
<arg>${registerIdN}</arg>
</arguments>
<status status="PASS" starttime="20191029 17:16:46.796" endtime="20191029 17:16:46.797"></status>
</kw>
<kw name="Wait Until Element Is Visible" library="SeleniumLibrary">
<doc>Waits until element ``locator`` is visible.</doc>
<arguments>
<arg>id=input-authorizedPerson0</arg>
</arguments>
<status status="PASS" starttime="20191029 17:16:46.797" endtime="20191029 17:16:46.821"></status>
</kw>
<kw name="Get Value" library="SeleniumLibrary">
<doc>Returns the value attribute of element identified by ``locator``.</doc>
<arguments>
<arg>id=input-authorizedPerson0</arg>
</arguments>
<assign>
<var>${get_authorizedPerson0}</var>
</assign>
<msg timestamp="20191029 17:16:46.836" level="INFO">${get_authorizedPerson0} = Saan</msg>
<status status="PASS" starttime="20191029 17:16:46.822" endtime="20191029 17:16:46.836"></status>
</kw>
<kw name="Should Be Equal As Strings" library="BuiltIn">
<doc>Fails if objects are unequal after converting them to strings.</doc>
<arguments>
<arg>${get_authorizedPerson0}</arg>
<arg>${authorizedPerson0}</arg>
</arguments>
<status status="PASS" starttime="20191029 17:16:46.836" endtime="20191029 17:16:46.837"></status>
</kw>
<kw name="Wait Until Element Is Visible" library="SeleniumLibrary">
<doc>Waits until element ``locator`` is visible.</doc>
<arguments>
<arg>id=input-authorizedPersonId0</arg>
</arguments>
<status status="PASS" starttime="20191029 17:16:46.837" endtime="20191029 17:16:46.862"></status>
</kw>
<kw name="Get Value" library="SeleniumLibrary">
<doc>Returns the value attribute of element identified by ``locator``.</doc>
<arguments>
<arg>id=input-authorizedPersonId0</arg>
</arguments>
<assign>
<var>${get_authorizedPersonId0}</var>
</assign>
<msg timestamp="20191029 17:16:46.878" level="INFO">${get_authorizedPersonId0} = 1111111111111</msg>
<status status="PASS" starttime="20191029 17:16:46.863" endtime="20191029 17:16:46.878"></status>
</kw>
<kw name="Should Be Equal As Strings" library="BuiltIn">
<doc>Fails if objects are unequal after converting them to strings.</doc>
<arguments>
<arg>${get_authorizedPersonId0}</arg>
<arg>${authorizedPersonId0}</arg>
</arguments>
<status status="PASS" starttime="20191029 17:16:46.878" endtime="20191029 17:16:46.879"></status>
</kw>
<kw name="Wait Until Element Is Visible" library="SeleniumLibrary">
<doc>Waits until element ``locator`` is visible.</doc>
<arguments>
<arg>id=input-authorizedPersonAddress0</arg>
</arguments>
<status status="PASS" starttime="20191029 17:16:46.879" endtime="20191029 17:16:46.903"></status>
</kw>
<kw name="Get Value" library="SeleniumLibrary">
<doc>Returns the value attribute of element identified by ``locator``.</doc>
<arguments>
<arg>id=input-authorizedPersonAddress0</arg>
</arguments>
<assign>
<var>${get_authorizedPersonAddress0}</var>
</assign>
<msg timestamp="20191029 17:16:46.918" level="INFO">${get_authorizedPersonAddress0} = 12/12</msg>
<status status="PASS" starttime="20191029 17:16:46.903" endtime="20191029 17:16:46.919"></status>
</kw>
<kw name="Should Be Equal As Strings" library="BuiltIn">
<doc>Fails if objects are unequal after converting them to strings.</doc>
<arguments>
<arg>${get_authorizedPersonAddress0}</arg>
<arg>${authorizedPersonAddress0}</arg>
</arguments>
<status status="PASS" starttime="20191029 17:16:46.919" endtime="20191029 17:16:46.919"></status>
</kw>
<kw name="Element Should Not Be Visible" library="SeleniumLibrary">
<doc>Verifies that the element identified by ``locator`` is NOT visible.</doc>
<arguments>
<arg>${authorizedPerson1}</arg>
</arguments>
<msg timestamp="20191029 17:16:46.932" level="INFO">Element 'John' did not exist.</msg>
<status status="PASS" starttime="20191029 17:16:46.919" endtime="20191029 17:16:46.932"></status>
</kw>
<kw name="Element Should Not Be Visible" library="SeleniumLibrary">
<doc>Verifies that the element identified by ``locator`` is NOT visible.</doc>
<arguments>
<arg>${authorizedPersonId1}</arg>
</arguments>
<msg timestamp="20191029 17:16:46.946" level="INFO">Element '2222222222' did not exist.</msg>
<status status="PASS" starttime="20191029 17:16:46.933" endtime="20191029 17:16:46.946"></status>
</kw>
<kw name="Element Should Not Be Visible" library="SeleniumLibrary">
<doc>Verifies that the element identified by ``locator`` is NOT visible.</doc>
<arguments>
<arg>${authorizedPersonAddress1}</arg>
</arguments>
<msg timestamp="20191029 17:16:46.958" level="INFO">Element '13/13' did not exist.</msg>
<status status="PASS" starttime="20191029 17:16:46.946" endtime="20191029 17:16:46.958"></status>
</kw>
<kw name="Close Browser" library="SeleniumLibrary">
<doc>Closes the current browser.</doc>
<status status="PASS" starttime="20191029 17:16:46.959" endtime="20191029 17:16:49.070"></status>
</kw>
<status status="PASS" starttime="20191029 17:16:34.370" endtime="20191029 17:16:49.070"></status>
</kw>
<status status="PASS" starttime="20191029 17:15:32.164" endtime="20191029 17:16:49.070"></status>
</kw>
<status status="PASS" starttime="20191029 17:15:32.163" endtime="20191029 17:16:49.071" critical="yes"></status>
</test>
<status status="PASS" starttime="20191029 17:15:31.876" endtime="20191029 17:16:49.073"></status>
</suite>
<statistics>
<total>
<stat pass="1" fail="0">Critical Tests</stat>
<stat pass="1" fail="0">All Tests</stat>
</total>
<tag>
</tag>
<suite>
<stat pass="1" fail="0" id="s1" name="Ui Edit Save Draft Merchant Profile Th Ju Success">Ui Edit Save Draft Merchant Profile Th Ju Success</stat>
</suite>
</statistics>
<errors>
</errors>
</robot>
